#-----------------------------------------------------------
# Vivado v2020.1 (64-bit)
# SW Build 2902540 on Wed May 27 19:54:49 MDT 2020
# IP Build 2902112 on Wed May 27 22:43:36 MDT 2020
# Start of session at: Mon Feb  8 23:22:11 2021
# Process ID: 15904
# Current directory: C:/Users/Leonard Matulescu/Desktop/Universidad/Proyectos Vivado/XADC
# Command line: vivado.exe -gui_launcher_event rodinguilauncherevent18620 C:\Users\Leonard Matulescu\Desktop\Universidad\Proyectos Vivado\XADC\XADC.xpr
# Log file: C:/Users/Leonard Matulescu/Desktop/Universidad/Proyectos Vivado/XADC/vivado.log
# Journal file: C:/Users/Leonard Matulescu/Desktop/Universidad/Proyectos Vivado/XADC\vivado.jou
#-----------------------------------------------------------
start_gui
open_project {C:/Users/Leonard Matulescu/Desktop/Universidad/Proyectos Vivado/XADC/XADC.xpr}
WARNING: [Board 49-91] Board repository path 'C:/Users/Leonard' does not exist, it will not be used to search board files.
WARNING: [Board 49-91] Board repository path 'C:/Users/Leonard' does not exist, it will not be used to search board files.
WARNING: [Board 49-91] Board repository path 'Matulescu/Desktop/Universidad/Proyectos' does not exist, it will not be used to search board files.
WARNING: [Board 49-91] Board repository path 'Vivado/Trabajo_SED_Version_4/Matulescu/Desktop/Universidad/Proyectos' does not exist, it will not be used to search board files.
WARNING: [Board 49-91] Board repository path 'C:/Users/Leonard' does not exist, it will not be used to search board files.
WARNING: [Board 49-91] Board repository path 'Matulescu/Desktop/Universidad/Proyectos' does not exist, it will not be used to search board files.
WARNING: [Board 49-91] Board repository path 'Vivado/Trabajo_SED_Version_4/Vivado/Trabajo_SED_Version_2/Matulescu/Desktop/Universidad/Proyectos' does not exist, it will not be used to search board files.
WARNING: [Board 49-91] Board repository path 'C:/Users/Leonard' does not exist, it will not be used to search board files.
WARNING: [Board 49-91] Board repository path 'Matulescu/Desktop/Universidad/Proyectos' does not exist, it will not be used to search board files.
WARNING: [Board 49-91] Board repository path 'Vivado/Trabajo_SED_Version_4/Vivado/Trabajo_SED_Version_2/Vivado/Trabajo_SED_Version_5/Matulescu/Desktop/Universidad/Proyectos' does not exist, it will not be used to search board files.
WARNING: [Board 49-91] Board repository path 'C:/Users/Leonard' does not exist, it will not be used to search board files.
WARNING: [Board 49-91] Board repository path 'Matulescu/Desktop/Universidad/Proyectos' does not exist, it will not be used to search board files.
WARNING: [Board 49-91] Board repository path 'Vivado/Trabajo_SED_Version_4/Vivado/Trabajo_SED_Version_2/Vivado/Trabajo_SED_Version_5/Vivado/Trabajo_SED_Version_4/Matulescu/Desktop/Universidad/Proyectos' does not exist, it will not be used to search board files.
WARNING: [Board 49-91] Board repository path 'C:/Users/Leonard' does not exist, it will not be used to search board files.
WARNING: [Board 49-91] Board repository path 'Matulescu/Desktop/Universidad/Proyectos' does not exist, it will not be used to search board files.
WARNING: [Board 49-91] Board repository path 'Vivado/Trabajo_SED_Version_4/Vivado/Trabajo_SED_Version_2/Vivado/Trabajo_SED_Version_5/Vivado/Trabajo_SED_Version_4/Vivado/Trabajo_SED_Version_4/Matulescu/Desktop/Universidad/Proyectos' does not exist, it will not be used to search board files.
WARNING: [Board 49-91] Board repository path 'C:/Users/Leonard' does not exist, it will not be used to search board files.
WARNING: [Board 49-91] Board repository path 'Matulescu/Desktop/Universidad/Proyectos' does not exist, it will not be used to search board files.
WARNING: [Board 49-91] Board repository path 'Vivado/Trabajo_SED_Version_4/Vivado/Trabajo_SED_Version_2/Vivado/Trabajo_SED_Version_5/Vivado/Trabajo_SED_Version_4/Vivado/Trabajo_SED_Version_4/Vivado/Trabajo_SED_Version_1.1/Matulescu/Desktop/Universidad/Proyectos' does not exist, it will not be used to search board files.
WARNING: [Board 49-91] Board repository path 'C:/Users/Leonard' does not exist, it will not be used to search board files.
WARNING: [Board 49-91] Board repository path 'Matulescu/Desktop/Universidad/Proyectos' does not exist, it will not be used to search board files.
WARNING: [Board 49-91] Board repository path 'Vivado/Trabajo_SED_Version_4/Vivado/Trabajo_SED_Version_2/Vivado/Trabajo_SED_Version_5/Vivado/Trabajo_SED_Version_4/Vivado/Trabajo_SED_Version_4/Vivado/Trabajo_SED_Version_1.1/Vivado/Trabajo_SED_Version_2/Matulescu/Desktop/Universidad/Proyectos' does not exist, it will not be used to search board files.
WARNING: [Board 49-91] Board repository path 'C:/Users/Leonard' does not exist, it will not be used to search board files.
WARNING: [Board 49-91] Board repository path 'Matulescu/Desktop/Universidad/Proyectos' does not exist, it will not be used to search board files.
WARNING: [Board 49-91] Board repository path 'Vivado/Trabajo_SED_Version_4/Vivado/Trabajo_SED_Version_2/Vivado/Trabajo_SED_Version_5/Vivado/Trabajo_SED_Version_4/Vivado/Trabajo_SED_Version_4/Vivado/Trabajo_SED_Version_1.1/Vivado/Trabajo_SED_Version_2/Vivado/Trabajo_SED_Version_1.1/Matulescu/Desktop/Universidad/Proyectos' does not exist, it will not be used to search board files.
WARNING: [Board 49-91] Board repository path 'C:/Users/Leonard' does not exist, it will not be used to search board files.
WARNING: [Board 49-91] Board repository path 'Matulescu/Desktop/Universidad/Proyectos' does not exist, it will not be used to search board files.
WARNING: [Board 49-91] Board repository path 'Vivado/Trabajo_SED_Version_4/Vivado/Trabajo_SED_Version_2/Vivado/Trabajo_SED_Version_5/Vivado/Trabajo_SED_Version_4/Vivado/Trabajo_SED_Version_4/Vivado/Trabajo_SED_Version_1.1/Vivado/Trabajo_SED_Version_2/Vivado/Trabajo_SED_Version_1.1/Vivado/Trabajo_SED_Version_1.1/Matulescu/Desktop/Universidad/Proyectos' does not exist, it will not be used to search board files.
WARNING: [Board 49-91] Board repository path 'C:/Users/Leonard' does not exist, it will not be used to search board files.
WARNING: [Board 49-91] Board repository path 'Matulescu/Desktop/Universidad/Proyectos' does not exist, it will not be used to search board files.
WARNING: [Board 49-91] Board repository path 'Vivado/Trabajo_SED_Version_4/Vivado/Trabajo_SED_Version_2/Vivado/Trabajo_SED_Version_5/Vivado/Trabajo_SED_Version_4/Vivado/Trabajo_SED_Version_4/Vivado/Trabajo_SED_Version_1.1/Vivado/Trabajo_SED_Version_2/Vivado/Trabajo_SED_Version_1.1/Vivado/Trabajo_SED_Version_1.1/Vivado/Trabajo_SED_Version_1.1/Matulescu/AppData/Roaming/Xilinx/Vivado/Matulescu/AppData/Roaming/Xilinx/Vivado/Matulescu/Desktop/Universidad/Proyectos' does not exist, it will not be used to search board files.
WARNING: [Board 49-91] Board repository path 'C:/Users/Leonard' does not exist, it will not be used to search board files.
WARNING: [Board 49-91] Board repository path 'Matulescu/Desktop/Universidad/Proyectos' does not exist, it will not be used to search board files.
WARNING: [Board 49-91] Board repository path 'Vivado/Trabajo_SED_Version_4/Vivado/Trabajo_SED_Version_2/Vivado/Trabajo_SED_Version_5/Vivado/Trabajo_SED_Version_4/Vivado/Trabajo_SED_Version_4/Vivado/Trabajo_SED_Version_1.1/Vivado/Trabajo_SED_Version_2/Vivado/Trabajo_SED_Version_1.1/Vivado/Trabajo_SED_Version_1.1/Vivado/Trabajo_SED_Version_1.1/Matulescu/AppData/Roaming/Xilinx/Vivado/Matulescu/AppData/Roaming/Xilinx/Vivado/Vivado/Practica_2/Matulescu/Desktop/Universidad/Proyectos' does not exist, it will not be used to search board files.
WARNING: [Board 49-91] Board repository path 'C:/Users/Leonard' does not exist, it will not be used to search board files.
WARNING: [Board 49-91] Board repository path 'Matulescu/Desktop/Universidad/Proyectos' does not exist, it will not be used to search board files.
WARNING: [Board 49-91] Board repository path 'Vivado/Trabajo_SED_Version_4/Vivado/Trabajo_SED_Version_2/Vivado/Trabajo_SED_Version_5/Vivado/Trabajo_SED_Version_4/Vivado/Trabajo_SED_Version_4/Vivado/Trabajo_SED_Version_1.1/Vivado/Trabajo_SED_Version_2/Vivado/Trabajo_SED_Version_1.1/Vivado/Trabajo_SED_Version_1.1/Vivado/Trabajo_SED_Version_1.1/Matulescu/AppData/Roaming/Xilinx/Vivado/Matulescu/AppData/Roaming/Xilinx/Vivado/Vivado/Practica_2/Vivado/Practica3/Matulescu/Desktop/Universidad/Proyectos' does not exist, it will not be used to search board files.
WARNING: [Board 49-91] Board repository path 'C:/Users/Leonard' does not exist, it will not be used to search board files.
WARNING: [Board 49-91] Board repository path 'Matulescu/Desktop/Universidad/Proyectos' does not exist, it will not be used to search board files.
WARNING: [Board 49-91] Board repository path 'Vivado/Trabajo_SED_Version_4/Vivado/Trabajo_SED_Version_2/Vivado/Trabajo_SED_Version_5/Vivado/Trabajo_SED_Version_4/Vivado/Trabajo_SED_Version_4/Vivado/Trabajo_SED_Version_1.1/Vivado/Trabajo_SED_Version_2/Vivado/Trabajo_SED_Version_1.1/Vivado/Trabajo_SED_Version_1.1/Vivado/Trabajo_SED_Version_1.1/Matulescu/AppData/Roaming/Xilinx/Vivado/Matulescu/AppData/Roaming/Xilinx/Vivado/Vivado/Practica_2/Vivado/Practica3/Vivado/Practica3/Matulescu/Desktop/Universidad/Proyectos' does not exist, it will not be used to search board files.
WARNING: [Board 49-91] Board repository path 'C:/Users/Leonard' does not exist, it will not be used to search board files.
WARNING: [Board 49-91] Board repository path 'Matulescu/Desktop/Universidad/Proyectos' does not exist, it will not be used to search board files.
WARNING: [Board 49-91] Board repository path 'Vivado/Trabajo_SED_Version_4/Vivado/Trabajo_SED_Version_2/Vivado/Trabajo_SED_Version_5/Vivado/Trabajo_SED_Version_4/Vivado/Trabajo_SED_Version_4/Vivado/Trabajo_SED_Version_1.1/Vivado/Trabajo_SED_Version_2/Vivado/Trabajo_SED_Version_1.1/Vivado/Trabajo_SED_Version_1.1/Vivado/Trabajo_SED_Version_1.1/Matulescu/AppData/Roaming/Xilinx/Vivado/Matulescu/AppData/Roaming/Xilinx/Vivado/Vivado/Practica_2/Vivado/Practica3/Vivado/Practica3/Vivado/Practica3/Matulescu/AppData/Roaming/Xilinx/Vivado/Matulescu/AppData/Roaming/Xilinx/Vivado/Matulescu/AppData/Roaming/Xilinx/Vivado/Matulescu/AppData/Roaming/Xilinx/Vivado/Matulescu/AppData/Roaming/Xilinx/Vivado/Matulescu/Desktop/Universidad/Proyectos' does not exist, it will not be used to search board files.
WARNING: [Board 49-91] Board repository path 'C:/Users/Leonard' does not exist, it will not be used to search board files.
WARNING: [Board 49-91] Board repository path 'Matulescu/Desktop/Universidad/Proyectos' does not exist, it will not be used to search board files.
WARNING: [Board 49-91] Board repository path 'Vivado/Trabajo_SED_Version_4/Vivado/Trabajo_SED_Version_2/Vivado/Trabajo_SED_Version_5/Vivado/Trabajo_SED_Version_4/Vivado/Trabajo_SED_Version_4/Vivado/Trabajo_SED_Version_1.1/Vivado/Trabajo_SED_Version_2/Vivado/Trabajo_SED_Version_1.1/Vivado/Trabajo_SED_Version_1.1/Vivado/Trabajo_SED_Version_1.1/Matulescu/AppData/Roaming/Xilinx/Vivado/Matulescu/AppData/Roaming/Xilinx/Vivado/Vivado/Practica_2/Vivado/Practica3/Vivado/Practica3/Vivado/Practica3/Matulescu/AppData/Roaming/Xilinx/Vivado/Matulescu/AppData/Roaming/Xilinx/Vivado/Matulescu/AppData/Roaming/Xilinx/Vivado/Matulescu/AppData/Roaming/Xilinx/Vivado/Matulescu/AppData/Roaming/Xilinx/Vivado/Vivado/Practica_2/Matulescu/AppData/Roaming/Xilinx/Vivado/Matulescu/AppData/Roaming/Xilinx/Vivado/Matulescu/AppData/Roaming/Xilinx/Vivado/Matulescu/AppData/Roaming/Xilinx/Vivado/Matulescu/AppData/Roaming/Xilinx/Vivado/Matulescu/AppData/Roaming/Xilinx/Vivado/Matulescu/AppData/Roaming/Xilinx/Vivado/Matulescu/AppData/Roaming/Xilinx/Vivado/{C:/Users/Leonard' does not exist, it will not be used to search board files.
WARNING: [Board 49-91] Board repository path 'C:/Users/Leonard' does not exist, it will not be used to search board files.
WARNING: [Board 49-91] Board repository path 'Matulescu/Desktop/Universidad/Proyectos' does not exist, it will not be used to search board files.
WARNING: [Board 49-91] Board repository path 'Vivado/Trabajo_SED_Version_4/Vivado/Trabajo_SED_Version_2/Vivado/Trabajo_SED_Version_5/Vivado/Trabajo_SED_Version_4/Vivado/Trabajo_SED_Version_4/Vivado/Trabajo_SED_Version_1.1/Vivado/Trabajo_SED_Version_2/Vivado/Trabajo_SED_Version_1.1/Vivado/Trabajo_SED_Version_1.1/Vivado/Trabajo_SED_Version_1.1/Matulescu/AppData/Roaming/Xilinx/Vivado/Matulescu/AppData/Roaming/Xilinx/Vivado/Vivado/Practica_2/Vivado/Practica3/Vivado/Practica3/Vivado/Practica3/Matulescu/AppData/Roaming/Xilinx/Vivado/Matulescu/AppData/Roaming/Xilinx/Vivado/Matulescu/AppData/Roaming/Xilinx/Vivado/Matulescu/AppData/Roaming/Xilinx/Vivado/Matulescu/AppData/Roaming/Xilinx/Vivado/Vivado/Practica_2/Matulescu/AppData/Roaming/Xilinx/Vivado/Matulescu/AppData/Roaming/Xilinx/Vivado/Matulescu/AppData/Roaming/Xilinx/Vivado/Matulescu/AppData/Roaming/Xilinx/Vivado/Matulescu/AppData/Roaming/Xilinx/Vivado/Matulescu/AppData/Roaming/Xilinx/Vivado/Matulescu/AppData/Roaming/Xilinx/Vivado/Matulescu/AppData/Roaming/Xilinx/Vivado/Matulescu/AppData/Roaming/Xilinx/Vivado/2020.1/xhub/board_store/xilinx_board_store}' does not exist, it will not be used to search board files.
WARNING: [Board 49-91] Board repository path 'C:/Users/Leonard' does not exist, it will not be used to search board files.
WARNING: [Board 49-91] Board repository path 'Matulescu/Desktop/Universidad/Proyectos' does not exist, it will not be used to search board files.
WARNING: [Board 49-91] Board repository path 'Vivado/Trabajo_SED_Version_4/Vivado/Trabajo_SED_Version_2/Vivado/Trabajo_SED_Version_5/Vivado/Trabajo_SED_Version_4/Vivado/Trabajo_SED_Version_4/Vivado/Trabajo_SED_Version_1.1/Vivado/Trabajo_SED_Version_2/Vivado/Trabajo_SED_Version_1.1/Vivado/Trabajo_SED_Version_1.1/Vivado/Trabajo_SED_Version_1.1/Matulescu/AppData/Roaming/Xilinx/Vivado/Matulescu/AppData/Roaming/Xilinx/Vivado/Vivado/Practica_2/Vivado/Practica3/Vivado/Practica3/Vivado/Practica3/Matulescu/AppData/Roaming/Xilinx/Vivado/Matulescu/AppData/Roaming/Xilinx/Vivado/Matulescu/AppData/Roaming/Xilinx/Vivado/Matulescu/AppData/Roaming/Xilinx/Vivado/Matulescu/AppData/Roaming/Xilinx/Vivado/Vivado/Practica_2/Matulescu/AppData/Roaming/Xilinx/Vivado/Matulescu/AppData/Roaming/Xilinx/Vivado/Matulescu/AppData/Roaming/Xilinx/Vivado/Matulescu/AppData/Roaming/Xilinx/Vivado/Matulescu/AppData/Roaming/Xilinx/Vivado/Matulescu/AppData/Roaming/Xilinx/Vivado/Matulescu/AppData/Roaming/Xilinx/Vivado/Matulescu/AppData/Roaming/Xilinx/Vivado/Matulescu/AppData/Roaming/Xilinx/Vivado/{C:/Users/Leonard}' does not exist, it will not be used to search board files.
WARNING: [Board 49-91] Board repository path 'C:/Users/Leonard' does not exist, it will not be used to search board files.
WARNING: [Board 49-91] Board repository path 'Matulescu/Desktop/Universidad/Proyectos' does not exist, it will not be used to search board files.
WARNING: [Board 49-91] Board repository path 'Vivado/Trabajo_SED_Version_4/Vivado/Trabajo_SED_Version_2/Vivado/Trabajo_SED_Version_5/Vivado/Trabajo_SED_Version_4/Vivado/Trabajo_SED_Version_4/Vivado/Trabajo_SED_Version_1.1/Vivado/Trabajo_SED_Version_2/Vivado/Trabajo_SED_Version_1.1/Vivado/Trabajo_SED_Version_1.1/Vivado/Trabajo_SED_Version_1.1/Matulescu/AppData/Roaming/Xilinx/Vivado/Matulescu/AppData/Roaming/Xilinx/Vivado/Vivado/Practica_2/Vivado/Practica3/Vivado/Practica3/Vivado/Practica3/Matulescu/AppData/Roaming/Xilinx/Vivado/Matulescu/AppData/Roaming/Xilinx/Vivado/Matulescu/AppData/Roaming/Xilinx/Vivado/Matulescu/AppData/Roaming/Xilinx/Vivado/Matulescu/AppData/Roaming/Xilinx/Vivado/Vivado/Practica_2/Matulescu/AppData/Roaming/Xilinx/Vivado/Matulescu/AppData/Roaming/Xilinx/Vivado/Matulescu/AppData/Roaming/Xilinx/Vivado/Matulescu/AppData/Roaming/Xilinx/Vivado/Matulescu/AppData/Roaming/Xilinx/Vivado/Matulescu/AppData/Roaming/Xilinx/Vivado/Matulescu/AppData/Roaming/Xilinx/Vivado/Matulescu/AppData/Roaming/Xilinx/Vivado/Matulescu/AppData/Roaming/Xilinx/Vivado/Matulescu/AppData/Roaming/Xilinx/Vivado/2020.1/xhub/board_store/xilinx_board_store}}' does not exist, it will not be used to search board files.
Scanning sources...
Finished scanning sources
WARNING: [filemgmt 56-3] Board Part Repository Path: Could not find the directory 'C:/Users/Leonard'.
WARNING: [filemgmt 56-3] Board Part Repository Path: Could not find the directory 'C:/Users/Leonard'.
WARNING: [filemgmt 56-3] Board Part Repository Path: Could not find the directory 'C:/Users/Leonard'.
WARNING: [filemgmt 56-3] Board Part Repository Path: Could not find the directory 'C:/Users/Leonard Matulescu/AppData/Roaming/Xilinx/Vivado/Matulescu/AppData/Roaming/Xilinx/Vivado/Matulescu/AppData/Roaming/Xilinx/Vivado/Matulescu/AppData/Roaming/Xilinx/Vivado/Matulescu/AppData/Roaming/Xilinx/Vivado/Matulescu/AppData/Roaming/Xilinx/Vivado/Matulescu/Desktop/Universidad/Proyectos'.
WARNING: [filemgmt 56-3] Board Part Repository Path: Could not find the directory 'C:/Users/Leonard'.
WARNING: [filemgmt 56-3] Board Part Repository Path: Could not find the directory 'C:/Users/Leonard Matulescu/AppData/Roaming/Xilinx/Vivado/Matulescu/AppData/Roaming/Xilinx/Vivado/Matulescu/AppData/Roaming/Xilinx/Vivado/Matulescu/AppData/Roaming/Xilinx/Vivado/Matulescu/AppData/Roaming/Xilinx/Vivado/Matulescu/AppData/Roaming/Xilinx/Vivado/Vivado/Trabajo_SED_Version_2/Matulescu/Desktop/Universidad/Proyectos'.
WARNING: [filemgmt 56-3] Board Part Repository Path: Could not find the directory 'C:/Users/Leonard'.
WARNING: [filemgmt 56-3] Board Part Repository Path: Could not find the directory 'C:/Users/Leonard Matulescu/AppData/Roaming/Xilinx/Vivado/Matulescu/AppData/Roaming/Xilinx/Vivado/Matulescu/AppData/Roaming/Xilinx/Vivado/Matulescu/AppData/Roaming/Xilinx/Vivado/Matulescu/AppData/Roaming/Xilinx/Vivado/Matulescu/AppData/Roaming/Xilinx/Vivado/Vivado/Trabajo_SED_Version_2/Vivado/Trabajo_SED_Version_1.1/Matulescu/Desktop/Universidad/Proyectos'.
WARNING: [filemgmt 56-3] Board Part Repository Path: Could not find the directory 'C:/Users/Leonard'.
WARNING: [filemgmt 56-3] Board Part Repository Path: Could not find the directory 'C:/Users/Leonard Matulescu/AppData/Roaming/Xilinx/Vivado/Matulescu/AppData/Roaming/Xilinx/Vivado/Matulescu/AppData/Roaming/Xilinx/Vivado/Matulescu/AppData/Roaming/Xilinx/Vivado/Matulescu/AppData/Roaming/Xilinx/Vivado/Matulescu/AppData/Roaming/Xilinx/Vivado/Vivado/Trabajo_SED_Version_2/Vivado/Trabajo_SED_Version_1.1/Vivado/Trabajo_SED_Version_2/Matulescu/Desktop/Universidad/Proyectos'.
WARNING: [filemgmt 56-3] Board Part Repository Path: Could not find the directory 'C:/Users/Leonard'.
WARNING: [filemgmt 56-3] Board Part Repository Path: Could not find the directory 'C:/Users/Leonard Matulescu/AppData/Roaming/Xilinx/Vivado/Matulescu/AppData/Roaming/Xilinx/Vivado/Matulescu/AppData/Roaming/Xilinx/Vivado/Matulescu/AppData/Roaming/Xilinx/Vivado/Matulescu/AppData/Roaming/Xilinx/Vivado/Matulescu/AppData/Roaming/Xilinx/Vivado/Vivado/Trabajo_SED_Version_2/Vivado/Trabajo_SED_Version_1.1/Vivado/Trabajo_SED_Version_2/Vivado/Trabajo_SED_Version_1.1/Matulescu/Desktop/Universidad/Proyectos'.
WARNING: [filemgmt 56-3] Board Part Repository Path: Could not find the directory 'C:/Users/Leonard'.
WARNING: [filemgmt 56-3] Board Part Repository Path: Could not find the directory 'C:/Users/Leonard Matulescu/AppData/Roaming/Xilinx/Vivado/Matulescu/AppData/Roaming/Xilinx/Vivado/Matulescu/AppData/Roaming/Xilinx/Vivado/Matulescu/AppData/Roaming/Xilinx/Vivado/Matulescu/AppData/Roaming/Xilinx/Vivado/Matulescu/AppData/Roaming/Xilinx/Vivado/Vivado/Trabajo_SED_Version_2/Vivado/Trabajo_SED_Version_1.1/Vivado/Trabajo_SED_Version_2/Vivado/Trabajo_SED_Version_1.1/Vivado/Trabajo_SED_Version_1.1/Matulescu/Desktop/Universidad/Proyectos'.
WARNING: [filemgmt 56-3] Board Part Repository Path: Could not find the directory 'C:/Users/Leonard'.
WARNING: [filemgmt 56-3] Board Part Repository Path: Could not find the directory 'C:/Users/Leonard Matulescu/AppData/Roaming/Xilinx/Vivado/Matulescu/AppData/Roaming/Xilinx/Vivado/Matulescu/AppData/Roaming/Xilinx/Vivado/Matulescu/AppData/Roaming/Xilinx/Vivado/Matulescu/AppData/Roaming/Xilinx/Vivado/Matulescu/AppData/Roaming/Xilinx/Vivado/Vivado/Trabajo_SED_Version_2/Vivado/Trabajo_SED_Version_1.1/Vivado/Trabajo_SED_Version_2/Vivado/Trabajo_SED_Version_1.1/Vivado/Trabajo_SED_Version_1.1/Vivado/Trabajo_SED_Version_1.1/Matulescu/AppData/Roaming/Xilinx/Vivado/Matulescu/AppData/Roaming/Xilinx/Vivado/Matulescu/Desktop/Universidad/Proyectos'.
WARNING: [filemgmt 56-3] Board Part Repository Path: Could not find the directory 'C:/Users/Leonard'.
WARNING: [filemgmt 56-3] Board Part Repository Path: Could not find the directory 'C:/Users/Leonard Matulescu/AppData/Roaming/Xilinx/Vivado/Matulescu/AppData/Roaming/Xilinx/Vivado/Matulescu/AppData/Roaming/Xilinx/Vivado/Matulescu/AppData/Roaming/Xilinx/Vivado/Matulescu/AppData/Roaming/Xilinx/Vivado/Matulescu/AppData/Roaming/Xilinx/Vivado/Vivado/Trabajo_SED_Version_2/Vivado/Trabajo_SED_Version_1.1/Vivado/Trabajo_SED_Version_2/Vivado/Trabajo_SED_Version_1.1/Vivado/Trabajo_SED_Version_1.1/Vivado/Trabajo_SED_Version_1.1/Matulescu/AppData/Roaming/Xilinx/Vivado/Matulescu/AppData/Roaming/Xilinx/Vivado/Vivado/Practica_2/Matulescu/Desktop/Universidad/Proyectos'.
WARNING: [filemgmt 56-3] Board Part Repository Path: Could not find the directory 'C:/Users/Leonard'.
WARNING: [filemgmt 56-3] Board Part Repository Path: Could not find the directory 'C:/Users/Leonard Matulescu/AppData/Roaming/Xilinx/Vivado/Matulescu/AppData/Roaming/Xilinx/Vivado/Matulescu/AppData/Roaming/Xilinx/Vivado/Matulescu/AppData/Roaming/Xilinx/Vivado/Matulescu/AppData/Roaming/Xilinx/Vivado/Matulescu/AppData/Roaming/Xilinx/Vivado/Vivado/Trabajo_SED_Version_2/Vivado/Trabajo_SED_Version_1.1/Vivado/Trabajo_SED_Version_2/Vivado/Trabajo_SED_Version_1.1/Vivado/Trabajo_SED_Version_1.1/Vivado/Trabajo_SED_Version_1.1/Matulescu/AppData/Roaming/Xilinx/Vivado/Matulescu/AppData/Roaming/Xilinx/Vivado/Vivado/Practica_2/Vivado/Practica3/Matulescu/Desktop/Universidad/Proyectos'.
WARNING: [filemgmt 56-3] Board Part Repository Path: Could not find the directory 'C:/Users/Leonard'.
WARNING: [filemgmt 56-3] Board Part Repository Path: Could not find the directory 'C:/Users/Leonard Matulescu/AppData/Roaming/Xilinx/Vivado/Matulescu/AppData/Roaming/Xilinx/Vivado/Matulescu/AppData/Roaming/Xilinx/Vivado/Matulescu/AppData/Roaming/Xilinx/Vivado/Matulescu/AppData/Roaming/Xilinx/Vivado/Matulescu/AppData/Roaming/Xilinx/Vivado/Vivado/Trabajo_SED_Version_2/Vivado/Trabajo_SED_Version_1.1/Vivado/Trabajo_SED_Version_2/Vivado/Trabajo_SED_Version_1.1/Vivado/Trabajo_SED_Version_1.1/Vivado/Trabajo_SED_Version_1.1/Matulescu/AppData/Roaming/Xilinx/Vivado/Matulescu/AppData/Roaming/Xilinx/Vivado/Vivado/Practica_2/Vivado/Practica3/Vivado/Practica3/Matulescu/Desktop/Universidad/Proyectos'.
WARNING: [filemgmt 56-3] Board Part Repository Path: Could not find the directory 'C:/Users/Leonard'.
WARNING: [filemgmt 56-3] Board Part Repository Path: Could not find the directory 'C:/Users/Leonard Matulescu/AppData/Roaming/Xilinx/Vivado/Matulescu/AppData/Roaming/Xilinx/Vivado/Matulescu/AppData/Roaming/Xilinx/Vivado/Matulescu/AppData/Roaming/Xilinx/Vivado/Matulescu/AppData/Roaming/Xilinx/Vivado/Matulescu/AppData/Roaming/Xilinx/Vivado/Vivado/Trabajo_SED_Version_2/Vivado/Trabajo_SED_Version_1.1/Vivado/Trabajo_SED_Version_2/Vivado/Trabajo_SED_Version_1.1/Vivado/Trabajo_SED_Version_1.1/Vivado/Trabajo_SED_Version_1.1/Matulescu/AppData/Roaming/Xilinx/Vivado/Matulescu/AppData/Roaming/Xilinx/Vivado/Vivado/Practica_2/Vivado/Practica3/Vivado/Practica3/Vivado/Practica3/Matulescu/AppData/Roaming/Xilinx/Vivado/Matulescu/AppData/Roaming/Xilinx/Vivado/Matulescu/AppData/Roaming/Xilinx/Vivado/Matulescu/AppData/Roaming/Xilinx/Vivado/Matulescu/AppData/Roaming/Xilinx/Vivado/Matulescu/Desktop/Universidad/Proyectos'.
WARNING: [filemgmt 56-3] Board Part Repository Path: Could not find the directory 'C:/Users/Leonard'.
WARNING: [filemgmt 56-3] Board Part Repository Path: Could not find the directory 'C:/Users/Leonard Matulescu/AppData/Roaming/Xilinx/Vivado/Matulescu/AppData/Roaming/Xilinx/Vivado/Matulescu/AppData/Roaming/Xilinx/Vivado/Matulescu/AppData/Roaming/Xilinx/Vivado/Matulescu/AppData/Roaming/Xilinx/Vivado/Matulescu/AppData/Roaming/Xilinx/Vivado/Vivado/Trabajo_SED_Version_2/Vivado/Trabajo_SED_Version_1.1/Vivado/Trabajo_SED_Version_2/Vivado/Trabajo_SED_Version_1.1/Vivado/Trabajo_SED_Version_1.1/Vivado/Trabajo_SED_Version_1.1/Matulescu/AppData/Roaming/Xilinx/Vivado/Matulescu/AppData/Roaming/Xilinx/Vivado/Vivado/Practica_2/Vivado/Practica3/Vivado/Practica3/Vivado/Practica3/Matulescu/AppData/Roaming/Xilinx/Vivado/Matulescu/AppData/Roaming/Xilinx/Vivado/Matulescu/AppData/Roaming/Xilinx/Vivado/Matulescu/AppData/Roaming/Xilinx/Vivado/Matulescu/AppData/Roaming/Xilinx/Vivado/Vivado/Practica_2/Matulescu/AppData/Roaming/Xilinx/Vivado/Matulescu/AppData/Roaming/Xilinx/Vivado/Matulescu/AppData/Roaming/Xilinx/Vivado/Matulescu/AppData/Roaming/Xilinx/Vivado/Matulescu/AppData/Roaming/Xilinx/Vivado/Matulescu/AppData/Roaming/Xilinx/Vivado/Matulescu/AppData/Roaming/Xilinx/Vivado/Matulescu/AppData/Roaming/Xilinx/Vivado/{C:/Users/Leonard'.
WARNING: [filemgmt 56-3] Board Part Repository Path: Could not find the directory 'C:/Users/Leonard'.
WARNING: [filemgmt 56-3] Board Part Repository Path: Could not find the directory 'C:/Users/Leonard Matulescu/AppData/Roaming/Xilinx/Vivado/Matulescu/AppData/Roaming/Xilinx/Vivado/Matulescu/AppData/Roaming/Xilinx/Vivado/Matulescu/AppData/Roaming/Xilinx/Vivado/Matulescu/AppData/Roaming/Xilinx/Vivado/Matulescu/AppData/Roaming/Xilinx/Vivado/Vivado/Trabajo_SED_Version_2/Vivado/Trabajo_SED_Version_1.1/Vivado/Trabajo_SED_Version_2/Vivado/Trabajo_SED_Version_1.1/Vivado/Trabajo_SED_Version_1.1/Vivado/Trabajo_SED_Version_1.1/Matulescu/AppData/Roaming/Xilinx/Vivado/Matulescu/AppData/Roaming/Xilinx/Vivado/Vivado/Practica_2/Vivado/Practica3/Vivado/Practica3/Vivado/Practica3/Matulescu/AppData/Roaming/Xilinx/Vivado/Matulescu/AppData/Roaming/Xilinx/Vivado/Matulescu/AppData/Roaming/Xilinx/Vivado/Matulescu/AppData/Roaming/Xilinx/Vivado/Matulescu/AppData/Roaming/Xilinx/Vivado/Vivado/Practica_2/Matulescu/AppData/Roaming/Xilinx/Vivado/Matulescu/AppData/Roaming/Xilinx/Vivado/Matulescu/AppData/Roaming/Xilinx/Vivado/Matulescu/AppData/Roaming/Xilinx/Vivado/Matulescu/AppData/Roaming/Xilinx/Vivado/Matulescu/AppData/Roaming/Xilinx/Vivado/Matulescu/AppData/Roaming/Xilinx/Vivado/Matulescu/AppData/Roaming/Xilinx/Vivado/Matulescu/AppData/Roaming/Xilinx/Vivado/2020.1/xhub/board_store/xilinx_board_store}'.
WARNING: [filemgmt 56-3] Board Part Repository Path: Could not find the directory 'C:/Users/Leonard'.
WARNING: [filemgmt 56-3] Board Part Repository Path: Could not find the directory 'C:/Users/Leonard Matulescu/AppData/Roaming/Xilinx/Vivado/Matulescu/AppData/Roaming/Xilinx/Vivado/Matulescu/AppData/Roaming/Xilinx/Vivado/Matulescu/AppData/Roaming/Xilinx/Vivado/Matulescu/AppData/Roaming/Xilinx/Vivado/Matulescu/AppData/Roaming/Xilinx/Vivado/Vivado/Trabajo_SED_Version_2/Vivado/Trabajo_SED_Version_1.1/Vivado/Trabajo_SED_Version_2/Vivado/Trabajo_SED_Version_1.1/Vivado/Trabajo_SED_Version_1.1/Vivado/Trabajo_SED_Version_1.1/Matulescu/AppData/Roaming/Xilinx/Vivado/Matulescu/AppData/Roaming/Xilinx/Vivado/Vivado/Practica_2/Vivado/Practica3/Vivado/Practica3/Vivado/Practica3/Matulescu/AppData/Roaming/Xilinx/Vivado/Matulescu/AppData/Roaming/Xilinx/Vivado/Matulescu/AppData/Roaming/Xilinx/Vivado/Matulescu/AppData/Roaming/Xilinx/Vivado/Matulescu/AppData/Roaming/Xilinx/Vivado/Vivado/Practica_2/Matulescu/AppData/Roaming/Xilinx/Vivado/Matulescu/AppData/Roaming/Xilinx/Vivado/Matulescu/AppData/Roaming/Xilinx/Vivado/Matulescu/AppData/Roaming/Xilinx/Vivado/Matulescu/AppData/Roaming/Xilinx/Vivado/Matulescu/AppData/Roaming/Xilinx/Vivado/Matulescu/AppData/Roaming/Xilinx/Vivado/Matulescu/AppData/Roaming/Xilinx/Vivado/Matulescu/AppData/Roaming/Xilinx/Vivado/{C:/Users/Leonard}'.
WARNING: [filemgmt 56-3] Board Part Repository Path: Could not find the directory 'C:/Users/Leonard'.
WARNING: [filemgmt 56-3] Board Part Repository Path: Could not find the directory 'C:/Users/Leonard Matulescu/AppData/Roaming/Xilinx/Vivado/Matulescu/AppData/Roaming/Xilinx/Vivado/Matulescu/AppData/Roaming/Xilinx/Vivado/Matulescu/AppData/Roaming/Xilinx/Vivado/Matulescu/AppData/Roaming/Xilinx/Vivado/Matulescu/AppData/Roaming/Xilinx/Vivado/Vivado/Trabajo_SED_Version_2/Vivado/Trabajo_SED_Version_1.1/Vivado/Trabajo_SED_Version_2/Vivado/Trabajo_SED_Version_1.1/Vivado/Trabajo_SED_Version_1.1/Vivado/Trabajo_SED_Version_1.1/Matulescu/AppData/Roaming/Xilinx/Vivado/Matulescu/AppData/Roaming/Xilinx/Vivado/Vivado/Practica_2/Vivado/Practica3/Vivado/Practica3/Vivado/Practica3/Matulescu/AppData/Roaming/Xilinx/Vivado/Matulescu/AppData/Roaming/Xilinx/Vivado/Matulescu/AppData/Roaming/Xilinx/Vivado/Matulescu/AppData/Roaming/Xilinx/Vivado/Matulescu/AppData/Roaming/Xilinx/Vivado/Vivado/Practica_2/Matulescu/AppData/Roaming/Xilinx/Vivado/Matulescu/AppData/Roaming/Xilinx/Vivado/Matulescu/AppData/Roaming/Xilinx/Vivado/Matulescu/AppData/Roaming/Xilinx/Vivado/Matulescu/AppData/Roaming/Xilinx/Vivado/Matulescu/AppData/Roaming/Xilinx/Vivado/Matulescu/AppData/Roaming/Xilinx/Vivado/Matulescu/AppData/Roaming/Xilinx/Vivado/Matulescu/AppData/Roaming/Xilinx/Vivado/Matulescu/AppData/Roaming/Xilinx/Vivado/2020.1/xhub/board_store/xilinx_board_store}}'.
INFO: [IP_Flow 19-234] Refreshing IP repositories
INFO: [IP_Flow 19-1704] No user IP repositories specified
INFO: [IP_Flow 19-2313] Loaded Vivado IP repository 'C:/Xilinx/Vivado/2020.1/data/ip'.
open_project: Time (s): cpu = 00:00:33 ; elapsed = 00:00:25 . Memory (MB): peak = 1077.742 ; gain = 0.000
update_compile_order -fileset sources_1
reset_run synth_1
launch_runs synth_1 -jobs 2
INFO: [Vivado 12-4149] The synthesis checkpoint for IP 'C:/Users/Leonard Matulescu/Desktop/Universidad/Proyectos Vivado/XADC/XADC.srcs/sources_1/ip/xadc_wiz_0/xadc_wiz_0.xci' is already up-to-date
[Mon Feb  8 23:42:38 2021] Launched synth_1...
Run output will be captured here: C:/Users/Leonard Matulescu/Desktop/Universidad/Proyectos Vivado/XADC/XADC.runs/synth_1/runme.log
launch_runs impl_1 -jobs 2
INFO: [Vivado 12-4149] The synthesis checkpoint for IP 'C:/Users/Leonard Matulescu/Desktop/Universidad/Proyectos Vivado/XADC/XADC.srcs/sources_1/ip/xadc_wiz_0/xadc_wiz_0.xci' is already up-to-date
[Mon Feb  8 23:43:55 2021] Launched impl_1...
Run output will be captured here: C:/Users/Leonard Matulescu/Desktop/Universidad/Proyectos Vivado/XADC/XADC.runs/impl_1/runme.log
open_run impl_1
INFO: [Device 21-403] Loading part xc7a100tcsg324-1
Netlist sorting complete. Time (s): cpu = 00:00:00 ; elapsed = 00:00:00.001 . Memory (MB): peak = 1391.367 ; gain = 0.000
INFO: [Netlist 29-17] Analyzing 1 Unisim elements for replacement
INFO: [Netlist 29-28] Unisim Transformation completed in 0 CPU seconds
INFO: [Project 1-479] Netlist was created with Vivado 2020.1
INFO: [Project 1-570] Preparing netlist for logic optimization
INFO: [Timing 38-478] Restoring timing data from binary archive.
INFO: [Timing 38-479] Binary timing data restore complete.
INFO: [Project 1-856] Restoring constraints from binary archive.
INFO: [Project 1-853] Binary constraint restore complete.
Reading XDEF placement.
Reading placer database...
Reading XDEF routing.
Read XDEF File: Time (s): cpu = 00:00:00 ; elapsed = 00:00:00.066 . Memory (MB): peak = 1994.336 ; gain = 0.000
Restored from archive | CPU: 0.000000 secs | Memory: 0.000000 MB |
Finished XDEF File Restore: Time (s): cpu = 00:00:00 ; elapsed = 00:00:00.067 . Memory (MB): peak = 1994.336 ; gain = 0.000
Netlist sorting complete. Time (s): cpu = 00:00:00 ; elapsed = 00:00:00.001 . Memory (MB): peak = 1994.336 ; gain = 0.000
INFO: [Project 1-111] Unisim Transformation Summary:
No Unisim elements were transformed.

open_run: Time (s): cpu = 00:00:45 ; elapsed = 00:00:39 . Memory (MB): peak = 2115.461 ; gain = 757.145
WARNING: [Timing 38-313] There are no user specified timing constraints. Timing constraints are needed for proper timing analysis.
exit
INFO: [Common 17-206] Exiting Vivado at Tue Feb  9 00:03:12 2021...
