#-----------------------------------------------------------
# Vivado v2020.1 (64-bit)
# SW Build 2902540 on Wed May 27 19:54:49 MDT 2020
# IP Build 2902112 on Wed May 27 22:43:36 MDT 2020
# Start of session at: Mon Feb  8 20:32:24 2021
# Process ID: 13204
# Current directory: C:/Users/Leonard Matulescu/Desktop/Universidad/Proyectos Vivado/Trabajo_SED_Version_5
# Command line: vivado.exe -gui_launcher_event rodinguilauncherevent11096 C:\Users\Leonard Matulescu\Desktop\Universidad\Proyectos Vivado\Trabajo_SED_Version_5\Trabajo_SED_Version_5.xpr
# Log file: C:/Users/Leonard Matulescu/Desktop/Universidad/Proyectos Vivado/Trabajo_SED_Version_5/vivado.log
# Journal file: C:/Users/Leonard Matulescu/Desktop/Universidad/Proyectos Vivado/Trabajo_SED_Version_5\vivado.jou
#-----------------------------------------------------------
start_gui
open_project {C:/Users/Leonard Matulescu/Desktop/Universidad/Proyectos Vivado/Trabajo_SED_Version_5/Trabajo_SED_Version_5.xpr}
INFO: [ProjectBase 1-489] The host OS only allows 260 characters in a normal path. The project is stored in a path with more than 80 characters. If you experience issues with IP, Block Designs, or files not being found, please consider moving the project to a location with a shorter path. Alternately consider using the OS subst command to map part of the path to a drive letter.
Current project path is 'C:/Users/Leonard Matulescu/Desktop/Universidad/Proyectos Vivado/Trabajo_SED_Version_5'
WARNING: [Board 49-91] Board repository path 'C:/Users/Leonard' does not exist, it will not be used to search board files.
WARNING: [Board 49-91] Board repository path 'C:/Users/Leonard' does not exist, it will not be used to search board files.
WARNING: [Board 49-91] Board repository path 'Matulescu/Desktop/Universidad/Proyectos' does not exist, it will not be used to search board files.
WARNING: [Board 49-91] Board repository path 'Vivado/Trabajo_SED_Version_4/Matulescu/Desktop/Universidad/Proyectos' does not exist, it will not be used to search board files.
WARNING: [Board 49-91] Board repository path 'C:/Users/Leonard' does not exist, it will not be used to search board files.
WARNING: [Board 49-91] Board repository path 'Matulescu/Desktop/Universidad/Proyectos' does not exist, it will not be used to search board files.
WARNING: [Board 49-91] Board repository path 'Vivado/Trabajo_SED_Version_4/Vivado/Trabajo_SED_Version_4/Matulescu/Desktop/Universidad/Proyectos' does not exist, it will not be used to search board files.
WARNING: [Board 49-91] Board repository path 'C:/Users/Leonard' does not exist, it will not be used to search board files.
WARNING: [Board 49-91] Board repository path 'Matulescu/Desktop/Universidad/Proyectos' does not exist, it will not be used to search board files.
WARNING: [Board 49-91] Board repository path 'Vivado/Trabajo_SED_Version_4/Vivado/Trabajo_SED_Version_4/Vivado/Trabajo_SED_Version_1.1/Matulescu/Desktop/Universidad/Proyectos' does not exist, it will not be used to search board files.
WARNING: [Board 49-91] Board repository path 'C:/Users/Leonard' does not exist, it will not be used to search board files.
WARNING: [Board 49-91] Board repository path 'Matulescu/Desktop/Universidad/Proyectos' does not exist, it will not be used to search board files.
WARNING: [Board 49-91] Board repository path 'Vivado/Trabajo_SED_Version_4/Vivado/Trabajo_SED_Version_4/Vivado/Trabajo_SED_Version_1.1/Vivado/Trabajo_SED_Version_2/Matulescu/Desktop/Universidad/Proyectos' does not exist, it will not be used to search board files.
WARNING: [Board 49-91] Board repository path 'C:/Users/Leonard' does not exist, it will not be used to search board files.
WARNING: [Board 49-91] Board repository path 'Matulescu/Desktop/Universidad/Proyectos' does not exist, it will not be used to search board files.
WARNING: [Board 49-91] Board repository path 'Vivado/Trabajo_SED_Version_4/Vivado/Trabajo_SED_Version_4/Vivado/Trabajo_SED_Version_1.1/Vivado/Trabajo_SED_Version_2/Vivado/Trabajo_SED_Version_1.1/Matulescu/Desktop/Universidad/Proyectos' does not exist, it will not be used to search board files.
WARNING: [Board 49-91] Board repository path 'C:/Users/Leonard' does not exist, it will not be used to search board files.
WARNING: [Board 49-91] Board repository path 'Matulescu/Desktop/Universidad/Proyectos' does not exist, it will not be used to search board files.
WARNING: [Board 49-91] Board repository path 'Vivado/Trabajo_SED_Version_4/Vivado/Trabajo_SED_Version_4/Vivado/Trabajo_SED_Version_1.1/Vivado/Trabajo_SED_Version_2/Vivado/Trabajo_SED_Version_1.1/Vivado/Trabajo_SED_Version_1.1/Matulescu/Desktop/Universidad/Proyectos' does not exist, it will not be used to search board files.
WARNING: [Board 49-91] Board repository path 'C:/Users/Leonard' does not exist, it will not be used to search board files.
WARNING: [Board 49-91] Board repository path 'Matulescu/Desktop/Universidad/Proyectos' does not exist, it will not be used to search board files.
WARNING: [Board 49-91] Board repository path 'Vivado/Trabajo_SED_Version_4/Vivado/Trabajo_SED_Version_4/Vivado/Trabajo_SED_Version_1.1/Vivado/Trabajo_SED_Version_2/Vivado/Trabajo_SED_Version_1.1/Vivado/Trabajo_SED_Version_1.1/Vivado/Trabajo_SED_Version_1.1/Matulescu/AppData/Roaming/Xilinx/Vivado/Matulescu/AppData/Roaming/Xilinx/Vivado/Matulescu/Desktop/Universidad/Proyectos' does not exist, it will not be used to search board files.
WARNING: [Board 49-91] Board repository path 'C:/Users/Leonard' does not exist, it will not be used to search board files.
WARNING: [Board 49-91] Board repository path 'Matulescu/Desktop/Universidad/Proyectos' does not exist, it will not be used to search board files.
WARNING: [Board 49-91] Board repository path 'Vivado/Trabajo_SED_Version_4/Vivado/Trabajo_SED_Version_4/Vivado/Trabajo_SED_Version_1.1/Vivado/Trabajo_SED_Version_2/Vivado/Trabajo_SED_Version_1.1/Vivado/Trabajo_SED_Version_1.1/Vivado/Trabajo_SED_Version_1.1/Matulescu/AppData/Roaming/Xilinx/Vivado/Matulescu/AppData/Roaming/Xilinx/Vivado/Vivado/Practica_2/Matulescu/Desktop/Universidad/Proyectos' does not exist, it will not be used to search board files.
WARNING: [Board 49-91] Board repository path 'C:/Users/Leonard' does not exist, it will not be used to search board files.
WARNING: [Board 49-91] Board repository path 'Matulescu/Desktop/Universidad/Proyectos' does not exist, it will not be used to search board files.
WARNING: [Board 49-91] Board repository path 'Vivado/Trabajo_SED_Version_4/Vivado/Trabajo_SED_Version_4/Vivado/Trabajo_SED_Version_1.1/Vivado/Trabajo_SED_Version_2/Vivado/Trabajo_SED_Version_1.1/Vivado/Trabajo_SED_Version_1.1/Vivado/Trabajo_SED_Version_1.1/Matulescu/AppData/Roaming/Xilinx/Vivado/Matulescu/AppData/Roaming/Xilinx/Vivado/Vivado/Practica_2/Vivado/Practica3/Matulescu/Desktop/Universidad/Proyectos' does not exist, it will not be used to search board files.
WARNING: [Board 49-91] Board repository path 'C:/Users/Leonard' does not exist, it will not be used to search board files.
WARNING: [Board 49-91] Board repository path 'Matulescu/Desktop/Universidad/Proyectos' does not exist, it will not be used to search board files.
WARNING: [Board 49-91] Board repository path 'Vivado/Trabajo_SED_Version_4/Vivado/Trabajo_SED_Version_4/Vivado/Trabajo_SED_Version_1.1/Vivado/Trabajo_SED_Version_2/Vivado/Trabajo_SED_Version_1.1/Vivado/Trabajo_SED_Version_1.1/Vivado/Trabajo_SED_Version_1.1/Matulescu/AppData/Roaming/Xilinx/Vivado/Matulescu/AppData/Roaming/Xilinx/Vivado/Vivado/Practica_2/Vivado/Practica3/Vivado/Practica3/Matulescu/Desktop/Universidad/Proyectos' does not exist, it will not be used to search board files.
WARNING: [Board 49-91] Board repository path 'C:/Users/Leonard' does not exist, it will not be used to search board files.
WARNING: [Board 49-91] Board repository path 'Matulescu/Desktop/Universidad/Proyectos' does not exist, it will not be used to search board files.
WARNING: [Board 49-91] Board repository path 'Vivado/Trabajo_SED_Version_4/Vivado/Trabajo_SED_Version_4/Vivado/Trabajo_SED_Version_1.1/Vivado/Trabajo_SED_Version_2/Vivado/Trabajo_SED_Version_1.1/Vivado/Trabajo_SED_Version_1.1/Vivado/Trabajo_SED_Version_1.1/Matulescu/AppData/Roaming/Xilinx/Vivado/Matulescu/AppData/Roaming/Xilinx/Vivado/Vivado/Practica_2/Vivado/Practica3/Vivado/Practica3/Vivado/Practica3/Matulescu/AppData/Roaming/Xilinx/Vivado/Matulescu/AppData/Roaming/Xilinx/Vivado/Matulescu/AppData/Roaming/Xilinx/Vivado/Matulescu/AppData/Roaming/Xilinx/Vivado/Matulescu/AppData/Roaming/Xilinx/Vivado/Matulescu/Desktop/Universidad/Proyectos' does not exist, it will not be used to search board files.
WARNING: [Board 49-91] Board repository path 'C:/Users/Leonard' does not exist, it will not be used to search board files.
WARNING: [Board 49-91] Board repository path 'Matulescu/Desktop/Universidad/Proyectos' does not exist, it will not be used to search board files.
WARNING: [Board 49-91] Board repository path 'Vivado/Trabajo_SED_Version_4/Vivado/Trabajo_SED_Version_4/Vivado/Trabajo_SED_Version_1.1/Vivado/Trabajo_SED_Version_2/Vivado/Trabajo_SED_Version_1.1/Vivado/Trabajo_SED_Version_1.1/Vivado/Trabajo_SED_Version_1.1/Matulescu/AppData/Roaming/Xilinx/Vivado/Matulescu/AppData/Roaming/Xilinx/Vivado/Vivado/Practica_2/Vivado/Practica3/Vivado/Practica3/Vivado/Practica3/Matulescu/AppData/Roaming/Xilinx/Vivado/Matulescu/AppData/Roaming/Xilinx/Vivado/Matulescu/AppData/Roaming/Xilinx/Vivado/Matulescu/AppData/Roaming/Xilinx/Vivado/Matulescu/AppData/Roaming/Xilinx/Vivado/Vivado/Practica_2/Matulescu/AppData/Roaming/Xilinx/Vivado/Matulescu/AppData/Roaming/Xilinx/Vivado/Matulescu/AppData/Roaming/Xilinx/Vivado/Matulescu/AppData/Roaming/Xilinx/Vivado/Matulescu/AppData/Roaming/Xilinx/Vivado/Matulescu/AppData/Roaming/Xilinx/Vivado/Matulescu/AppData/Roaming/Xilinx/Vivado/Matulescu/AppData/Roaming/Xilinx/Vivado/{C:/Users/Leonard' does not exist, it will not be used to search board files.
WARNING: [Board 49-91] Board repository path 'C:/Users/Leonard' does not exist, it will not be used to search board files.
WARNING: [Board 49-91] Board repository path 'Matulescu/Desktop/Universidad/Proyectos' does not exist, it will not be used to search board files.
WARNING: [Board 49-91] Board repository path 'Vivado/Trabajo_SED_Version_4/Vivado/Trabajo_SED_Version_4/Vivado/Trabajo_SED_Version_1.1/Vivado/Trabajo_SED_Version_2/Vivado/Trabajo_SED_Version_1.1/Vivado/Trabajo_SED_Version_1.1/Vivado/Trabajo_SED_Version_1.1/Matulescu/AppData/Roaming/Xilinx/Vivado/Matulescu/AppData/Roaming/Xilinx/Vivado/Vivado/Practica_2/Vivado/Practica3/Vivado/Practica3/Vivado/Practica3/Matulescu/AppData/Roaming/Xilinx/Vivado/Matulescu/AppData/Roaming/Xilinx/Vivado/Matulescu/AppData/Roaming/Xilinx/Vivado/Matulescu/AppData/Roaming/Xilinx/Vivado/Matulescu/AppData/Roaming/Xilinx/Vivado/Vivado/Practica_2/Matulescu/AppData/Roaming/Xilinx/Vivado/Matulescu/AppData/Roaming/Xilinx/Vivado/Matulescu/AppData/Roaming/Xilinx/Vivado/Matulescu/AppData/Roaming/Xilinx/Vivado/Matulescu/AppData/Roaming/Xilinx/Vivado/Matulescu/AppData/Roaming/Xilinx/Vivado/Matulescu/AppData/Roaming/Xilinx/Vivado/Matulescu/AppData/Roaming/Xilinx/Vivado/Matulescu/AppData/Roaming/Xilinx/Vivado/2020.1/xhub/board_store/xilinx_board_store}' does not exist, it will not be used to search board files.
WARNING: [Board 49-91] Board repository path 'C:/Users/Leonard' does not exist, it will not be used to search board files.
WARNING: [Board 49-91] Board repository path 'Matulescu/Desktop/Universidad/Proyectos' does not exist, it will not be used to search board files.
WARNING: [Board 49-91] Board repository path 'Vivado/Trabajo_SED_Version_4/Vivado/Trabajo_SED_Version_4/Vivado/Trabajo_SED_Version_1.1/Vivado/Trabajo_SED_Version_2/Vivado/Trabajo_SED_Version_1.1/Vivado/Trabajo_SED_Version_1.1/Vivado/Trabajo_SED_Version_1.1/Matulescu/AppData/Roaming/Xilinx/Vivado/Matulescu/AppData/Roaming/Xilinx/Vivado/Vivado/Practica_2/Vivado/Practica3/Vivado/Practica3/Vivado/Practica3/Matulescu/AppData/Roaming/Xilinx/Vivado/Matulescu/AppData/Roaming/Xilinx/Vivado/Matulescu/AppData/Roaming/Xilinx/Vivado/Matulescu/AppData/Roaming/Xilinx/Vivado/Matulescu/AppData/Roaming/Xilinx/Vivado/Vivado/Practica_2/Matulescu/AppData/Roaming/Xilinx/Vivado/Matulescu/AppData/Roaming/Xilinx/Vivado/Matulescu/AppData/Roaming/Xilinx/Vivado/Matulescu/AppData/Roaming/Xilinx/Vivado/Matulescu/AppData/Roaming/Xilinx/Vivado/Matulescu/AppData/Roaming/Xilinx/Vivado/Matulescu/AppData/Roaming/Xilinx/Vivado/Matulescu/AppData/Roaming/Xilinx/Vivado/Matulescu/AppData/Roaming/Xilinx/Vivado/{C:/Users/Leonard}' does not exist, it will not be used to search board files.
WARNING: [Board 49-91] Board repository path 'C:/Users/Leonard' does not exist, it will not be used to search board files.
WARNING: [Board 49-91] Board repository path 'Matulescu/Desktop/Universidad/Proyectos' does not exist, it will not be used to search board files.
WARNING: [Board 49-91] Board repository path 'Vivado/Trabajo_SED_Version_4/Vivado/Trabajo_SED_Version_4/Vivado/Trabajo_SED_Version_1.1/Vivado/Trabajo_SED_Version_2/Vivado/Trabajo_SED_Version_1.1/Vivado/Trabajo_SED_Version_1.1/Vivado/Trabajo_SED_Version_1.1/Matulescu/AppData/Roaming/Xilinx/Vivado/Matulescu/AppData/Roaming/Xilinx/Vivado/Vivado/Practica_2/Vivado/Practica3/Vivado/Practica3/Vivado/Practica3/Matulescu/AppData/Roaming/Xilinx/Vivado/Matulescu/AppData/Roaming/Xilinx/Vivado/Matulescu/AppData/Roaming/Xilinx/Vivado/Matulescu/AppData/Roaming/Xilinx/Vivado/Matulescu/AppData/Roaming/Xilinx/Vivado/Vivado/Practica_2/Matulescu/AppData/Roaming/Xilinx/Vivado/Matulescu/AppData/Roaming/Xilinx/Vivado/Matulescu/AppData/Roaming/Xilinx/Vivado/Matulescu/AppData/Roaming/Xilinx/Vivado/Matulescu/AppData/Roaming/Xilinx/Vivado/Matulescu/AppData/Roaming/Xilinx/Vivado/Matulescu/AppData/Roaming/Xilinx/Vivado/Matulescu/AppData/Roaming/Xilinx/Vivado/Matulescu/AppData/Roaming/Xilinx/Vivado/Matulescu/AppData/Roaming/Xilinx/Vivado/2020.1/xhub/board_store/xilinx_board_store}}' does not exist, it will not be used to search board files.
Scanning sources...
Finished scanning sources
WARNING: [filemgmt 56-3] Board Part Repository Path: Could not find the directory 'C:/Users/Leonard'.
WARNING: [filemgmt 56-3] Board Part Repository Path: Could not find the directory 'C:/Users/Leonard'.
WARNING: [filemgmt 56-3] Board Part Repository Path: Could not find the directory 'C:/Users/Leonard'.
WARNING: [filemgmt 56-3] Board Part Repository Path: Could not find the directory 'C:/Users/Leonard Matulescu/AppData/Roaming/Xilinx/Vivado/Matulescu/AppData/Roaming/Xilinx/Vivado/Matulescu/Desktop/Universidad/Proyectos'.
WARNING: [filemgmt 56-3] Board Part Repository Path: Could not find the directory 'C:/Users/Leonard'.
WARNING: [filemgmt 56-3] Board Part Repository Path: Could not find the directory 'C:/Users/Leonard Matulescu/AppData/Roaming/Xilinx/Vivado/Matulescu/AppData/Roaming/Xilinx/Vivado/Vivado/Trabajo_SED_Version_3/Matulescu/Desktop/Universidad/Proyectos'.
WARNING: [filemgmt 56-3] Board Part Repository Path: Could not find the directory 'C:/Users/Leonard'.
WARNING: [filemgmt 56-3] Board Part Repository Path: Could not find the directory 'C:/Users/Leonard Matulescu/AppData/Roaming/Xilinx/Vivado/Matulescu/AppData/Roaming/Xilinx/Vivado/Vivado/Trabajo_SED_Version_3/Vivado/XADC/Matulescu/Desktop/Universidad/Proyectos'.
WARNING: [filemgmt 56-3] Board Part Repository Path: Could not find the directory 'C:/Users/Leonard'.
WARNING: [filemgmt 56-3] Board Part Repository Path: Could not find the directory 'C:/Users/Leonard Matulescu/AppData/Roaming/Xilinx/Vivado/Matulescu/AppData/Roaming/Xilinx/Vivado/Vivado/Trabajo_SED_Version_3/Vivado/XADC/Vivado/Trabajo_SED_Version_1.1/Matulescu/Desktop/Universidad/Proyectos'.
WARNING: [filemgmt 56-3] Board Part Repository Path: Could not find the directory 'C:/Users/Leonard'.
WARNING: [filemgmt 56-3] Board Part Repository Path: Could not find the directory 'C:/Users/Leonard Matulescu/AppData/Roaming/Xilinx/Vivado/Matulescu/AppData/Roaming/Xilinx/Vivado/Vivado/Trabajo_SED_Version_3/Vivado/XADC/Vivado/Trabajo_SED_Version_1.1/Vivado/Trabajo_SED_Version_2/Matulescu/Desktop/Universidad/Proyectos'.
WARNING: [filemgmt 56-3] Board Part Repository Path: Could not find the directory 'C:/Users/Leonard'.
WARNING: [filemgmt 56-3] Board Part Repository Path: Could not find the directory 'C:/Users/Leonard Matulescu/AppData/Roaming/Xilinx/Vivado/Matulescu/AppData/Roaming/Xilinx/Vivado/Vivado/Trabajo_SED_Version_3/Vivado/XADC/Vivado/Trabajo_SED_Version_1.1/Vivado/Trabajo_SED_Version_2/Vivado/Trabajo_SED_Version_1.1/Matulescu/Desktop/Universidad/Proyectos'.
WARNING: [filemgmt 56-3] Board Part Repository Path: Could not find the directory 'C:/Users/Leonard'.
WARNING: [filemgmt 56-3] Board Part Repository Path: Could not find the directory 'C:/Users/Leonard Matulescu/AppData/Roaming/Xilinx/Vivado/Matulescu/AppData/Roaming/Xilinx/Vivado/Vivado/Trabajo_SED_Version_3/Vivado/XADC/Vivado/Trabajo_SED_Version_1.1/Vivado/Trabajo_SED_Version_2/Vivado/Trabajo_SED_Version_1.1/Vivado/Trabajo_SED_Version_1.1/Matulescu/Desktop/Universidad/Proyectos'.
WARNING: [filemgmt 56-3] Board Part Repository Path: Could not find the directory 'C:/Users/Leonard'.
WARNING: [filemgmt 56-3] Board Part Repository Path: Could not find the directory 'C:/Users/Leonard Matulescu/AppData/Roaming/Xilinx/Vivado/Matulescu/AppData/Roaming/Xilinx/Vivado/Vivado/Trabajo_SED_Version_3/Vivado/XADC/Vivado/Trabajo_SED_Version_1.1/Vivado/Trabajo_SED_Version_2/Vivado/Trabajo_SED_Version_1.1/Vivado/Trabajo_SED_Version_1.1/Vivado/Trabajo_SED_Version_1.1/Matulescu/AppData/Roaming/Xilinx/Vivado/Matulescu/AppData/Roaming/Xilinx/Vivado/Matulescu/Desktop/Universidad/Proyectos'.
WARNING: [filemgmt 56-3] Board Part Repository Path: Could not find the directory 'C:/Users/Leonard'.
WARNING: [filemgmt 56-3] Board Part Repository Path: Could not find the directory 'C:/Users/Leonard Matulescu/AppData/Roaming/Xilinx/Vivado/Matulescu/AppData/Roaming/Xilinx/Vivado/Vivado/Trabajo_SED_Version_3/Vivado/XADC/Vivado/Trabajo_SED_Version_1.1/Vivado/Trabajo_SED_Version_2/Vivado/Trabajo_SED_Version_1.1/Vivado/Trabajo_SED_Version_1.1/Vivado/Trabajo_SED_Version_1.1/Matulescu/AppData/Roaming/Xilinx/Vivado/Matulescu/AppData/Roaming/Xilinx/Vivado/Vivado/Practica_2/Matulescu/Desktop/Universidad/Proyectos'.
WARNING: [filemgmt 56-3] Board Part Repository Path: Could not find the directory 'C:/Users/Leonard'.
WARNING: [filemgmt 56-3] Board Part Repository Path: Could not find the directory 'C:/Users/Leonard Matulescu/AppData/Roaming/Xilinx/Vivado/Matulescu/AppData/Roaming/Xilinx/Vivado/Vivado/Trabajo_SED_Version_3/Vivado/XADC/Vivado/Trabajo_SED_Version_1.1/Vivado/Trabajo_SED_Version_2/Vivado/Trabajo_SED_Version_1.1/Vivado/Trabajo_SED_Version_1.1/Vivado/Trabajo_SED_Version_1.1/Matulescu/AppData/Roaming/Xilinx/Vivado/Matulescu/AppData/Roaming/Xilinx/Vivado/Vivado/Practica_2/Vivado/Practica3/Matulescu/Desktop/Universidad/Proyectos'.
WARNING: [filemgmt 56-3] Board Part Repository Path: Could not find the directory 'C:/Users/Leonard'.
WARNING: [filemgmt 56-3] Board Part Repository Path: Could not find the directory 'C:/Users/Leonard Matulescu/AppData/Roaming/Xilinx/Vivado/Matulescu/AppData/Roaming/Xilinx/Vivado/Vivado/Trabajo_SED_Version_3/Vivado/XADC/Vivado/Trabajo_SED_Version_1.1/Vivado/Trabajo_SED_Version_2/Vivado/Trabajo_SED_Version_1.1/Vivado/Trabajo_SED_Version_1.1/Vivado/Trabajo_SED_Version_1.1/Matulescu/AppData/Roaming/Xilinx/Vivado/Matulescu/AppData/Roaming/Xilinx/Vivado/Vivado/Practica_2/Vivado/Practica3/Vivado/Practica3/Matulescu/Desktop/Universidad/Proyectos'.
WARNING: [filemgmt 56-3] Board Part Repository Path: Could not find the directory 'C:/Users/Leonard'.
WARNING: [filemgmt 56-3] Board Part Repository Path: Could not find the directory 'C:/Users/Leonard Matulescu/AppData/Roaming/Xilinx/Vivado/Matulescu/AppData/Roaming/Xilinx/Vivado/Vivado/Trabajo_SED_Version_3/Vivado/XADC/Vivado/Trabajo_SED_Version_1.1/Vivado/Trabajo_SED_Version_2/Vivado/Trabajo_SED_Version_1.1/Vivado/Trabajo_SED_Version_1.1/Vivado/Trabajo_SED_Version_1.1/Matulescu/AppData/Roaming/Xilinx/Vivado/Matulescu/AppData/Roaming/Xilinx/Vivado/Vivado/Practica_2/Vivado/Practica3/Vivado/Practica3/Vivado/Practica3/Matulescu/AppData/Roaming/Xilinx/Vivado/Matulescu/AppData/Roaming/Xilinx/Vivado/Matulescu/AppData/Roaming/Xilinx/Vivado/Matulescu/AppData/Roaming/Xilinx/Vivado/Matulescu/AppData/Roaming/Xilinx/Vivado/Matulescu/Desktop/Universidad/Proyectos'.
WARNING: [filemgmt 56-3] Board Part Repository Path: Could not find the directory 'C:/Users/Leonard'.
WARNING: [filemgmt 56-3] Board Part Repository Path: Could not find the directory 'C:/Users/Leonard Matulescu/AppData/Roaming/Xilinx/Vivado/Matulescu/AppData/Roaming/Xilinx/Vivado/Vivado/Trabajo_SED_Version_3/Vivado/XADC/Vivado/Trabajo_SED_Version_1.1/Vivado/Trabajo_SED_Version_2/Vivado/Trabajo_SED_Version_1.1/Vivado/Trabajo_SED_Version_1.1/Vivado/Trabajo_SED_Version_1.1/Matulescu/AppData/Roaming/Xilinx/Vivado/Matulescu/AppData/Roaming/Xilinx/Vivado/Vivado/Practica_2/Vivado/Practica3/Vivado/Practica3/Vivado/Practica3/Matulescu/AppData/Roaming/Xilinx/Vivado/Matulescu/AppData/Roaming/Xilinx/Vivado/Matulescu/AppData/Roaming/Xilinx/Vivado/Matulescu/AppData/Roaming/Xilinx/Vivado/Matulescu/AppData/Roaming/Xilinx/Vivado/Vivado/Practica_2/Matulescu/AppData/Roaming/Xilinx/Vivado/Matulescu/AppData/Roaming/Xilinx/Vivado/Matulescu/AppData/Roaming/Xilinx/Vivado/Matulescu/AppData/Roaming/Xilinx/Vivado/Matulescu/AppData/Roaming/Xilinx/Vivado/Matulescu/AppData/Roaming/Xilinx/Vivado/Matulescu/AppData/Roaming/Xilinx/Vivado/Matulescu/AppData/Roaming/Xilinx/Vivado/{C:/Users/Leonard'.
WARNING: [filemgmt 56-3] Board Part Repository Path: Could not find the directory 'C:/Users/Leonard'.
WARNING: [filemgmt 56-3] Board Part Repository Path: Could not find the directory 'C:/Users/Leonard Matulescu/AppData/Roaming/Xilinx/Vivado/Matulescu/AppData/Roaming/Xilinx/Vivado/Vivado/Trabajo_SED_Version_3/Vivado/XADC/Vivado/Trabajo_SED_Version_1.1/Vivado/Trabajo_SED_Version_2/Vivado/Trabajo_SED_Version_1.1/Vivado/Trabajo_SED_Version_1.1/Vivado/Trabajo_SED_Version_1.1/Matulescu/AppData/Roaming/Xilinx/Vivado/Matulescu/AppData/Roaming/Xilinx/Vivado/Vivado/Practica_2/Vivado/Practica3/Vivado/Practica3/Vivado/Practica3/Matulescu/AppData/Roaming/Xilinx/Vivado/Matulescu/AppData/Roaming/Xilinx/Vivado/Matulescu/AppData/Roaming/Xilinx/Vivado/Matulescu/AppData/Roaming/Xilinx/Vivado/Matulescu/AppData/Roaming/Xilinx/Vivado/Vivado/Practica_2/Matulescu/AppData/Roaming/Xilinx/Vivado/Matulescu/AppData/Roaming/Xilinx/Vivado/Matulescu/AppData/Roaming/Xilinx/Vivado/Matulescu/AppData/Roaming/Xilinx/Vivado/Matulescu/AppData/Roaming/Xilinx/Vivado/Matulescu/AppData/Roaming/Xilinx/Vivado/Matulescu/AppData/Roaming/Xilinx/Vivado/Matulescu/AppData/Roaming/Xilinx/Vivado/Matulescu/AppData/Roaming/Xilinx/Vivado/2020.1/xhub/board_store/xilinx_board_store}'.
WARNING: [filemgmt 56-3] Board Part Repository Path: Could not find the directory 'C:/Users/Leonard'.
WARNING: [filemgmt 56-3] Board Part Repository Path: Could not find the directory 'C:/Users/Leonard Matulescu/AppData/Roaming/Xilinx/Vivado/Matulescu/AppData/Roaming/Xilinx/Vivado/Vivado/Trabajo_SED_Version_3/Vivado/XADC/Vivado/Trabajo_SED_Version_1.1/Vivado/Trabajo_SED_Version_2/Vivado/Trabajo_SED_Version_1.1/Vivado/Trabajo_SED_Version_1.1/Vivado/Trabajo_SED_Version_1.1/Matulescu/AppData/Roaming/Xilinx/Vivado/Matulescu/AppData/Roaming/Xilinx/Vivado/Vivado/Practica_2/Vivado/Practica3/Vivado/Practica3/Vivado/Practica3/Matulescu/AppData/Roaming/Xilinx/Vivado/Matulescu/AppData/Roaming/Xilinx/Vivado/Matulescu/AppData/Roaming/Xilinx/Vivado/Matulescu/AppData/Roaming/Xilinx/Vivado/Matulescu/AppData/Roaming/Xilinx/Vivado/Vivado/Practica_2/Matulescu/AppData/Roaming/Xilinx/Vivado/Matulescu/AppData/Roaming/Xilinx/Vivado/Matulescu/AppData/Roaming/Xilinx/Vivado/Matulescu/AppData/Roaming/Xilinx/Vivado/Matulescu/AppData/Roaming/Xilinx/Vivado/Matulescu/AppData/Roaming/Xilinx/Vivado/Matulescu/AppData/Roaming/Xilinx/Vivado/Matulescu/AppData/Roaming/Xilinx/Vivado/Matulescu/AppData/Roaming/Xilinx/Vivado/{C:/Users/Leonard}'.
WARNING: [filemgmt 56-3] Board Part Repository Path: Could not find the directory 'C:/Users/Leonard'.
WARNING: [filemgmt 56-3] Board Part Repository Path: Could not find the directory 'C:/Users/Leonard Matulescu/AppData/Roaming/Xilinx/Vivado/Matulescu/AppData/Roaming/Xilinx/Vivado/Vivado/Trabajo_SED_Version_3/Vivado/XADC/Vivado/Trabajo_SED_Version_1.1/Vivado/Trabajo_SED_Version_2/Vivado/Trabajo_SED_Version_1.1/Vivado/Trabajo_SED_Version_1.1/Vivado/Trabajo_SED_Version_1.1/Matulescu/AppData/Roaming/Xilinx/Vivado/Matulescu/AppData/Roaming/Xilinx/Vivado/Vivado/Practica_2/Vivado/Practica3/Vivado/Practica3/Vivado/Practica3/Matulescu/AppData/Roaming/Xilinx/Vivado/Matulescu/AppData/Roaming/Xilinx/Vivado/Matulescu/AppData/Roaming/Xilinx/Vivado/Matulescu/AppData/Roaming/Xilinx/Vivado/Matulescu/AppData/Roaming/Xilinx/Vivado/Vivado/Practica_2/Matulescu/AppData/Roaming/Xilinx/Vivado/Matulescu/AppData/Roaming/Xilinx/Vivado/Matulescu/AppData/Roaming/Xilinx/Vivado/Matulescu/AppData/Roaming/Xilinx/Vivado/Matulescu/AppData/Roaming/Xilinx/Vivado/Matulescu/AppData/Roaming/Xilinx/Vivado/Matulescu/AppData/Roaming/Xilinx/Vivado/Matulescu/AppData/Roaming/Xilinx/Vivado/Matulescu/AppData/Roaming/Xilinx/Vivado/Matulescu/AppData/Roaming/Xilinx/Vivado/2020.1/xhub/board_store/xilinx_board_store}}'.
INFO: [IP_Flow 19-234] Refreshing IP repositories
INFO: [IP_Flow 19-1704] No user IP repositories specified
INFO: [IP_Flow 19-2313] Loaded Vivado IP repository 'C:/Xilinx/Vivado/2020.1/data/ip'.
open_project: Time (s): cpu = 00:00:20 ; elapsed = 00:00:20 . Memory (MB): peak = 1080.070 ; gain = 0.000
update_compile_order -fileset sources_1
INFO: [Device 21-403] Loading part xc7a100tcsg324-1
set_property -dict [list CONFIG.SINGLE_CHANNEL_SELECTION {VAUXP1_VAUXN1}] [get_ips xadc_wiz_0]
generate_target all [get_files  {{C:/Users/Leonard Matulescu/Desktop/Universidad/Proyectos Vivado/Trabajo_SED_Version_5/Trabajo_SED_Version_5.srcs/sources_1/ip/xadc_wiz_0/xadc_wiz_0.xci}}]
INFO: [IP_Flow 19-1686] Generating 'Instantiation Template' target for IP 'xadc_wiz_0'...
INFO: [IP_Flow 19-1686] Generating 'Synthesis' target for IP 'xadc_wiz_0'...
INFO: [IP_Flow 19-1686] Generating 'Simulation' target for IP 'xadc_wiz_0'...
INFO: [IP_Flow 19-1686] Generating 'Miscellaneous' target for IP 'xadc_wiz_0'...
INFO: [IP_Flow 19-1686] Generating 'Change Log' target for IP 'xadc_wiz_0'...
catch { config_ip_cache -export [get_ips -all xadc_wiz_0] }
export_ip_user_files -of_objects [get_files {{C:/Users/Leonard Matulescu/Desktop/Universidad/Proyectos Vivado/Trabajo_SED_Version_5/Trabajo_SED_Version_5.srcs/sources_1/ip/xadc_wiz_0/xadc_wiz_0.xci}}] -no_script -sync -force -quiet
reset_run xadc_wiz_0_synth_1
launch_runs xadc_wiz_0_synth_1 -jobs 2
[Mon Feb  8 23:36:33 2021] Launched xadc_wiz_0_synth_1...
Run output will be captured here: C:/Users/Leonard Matulescu/Desktop/Universidad/Proyectos Vivado/Trabajo_SED_Version_5/Trabajo_SED_Version_5.runs/xadc_wiz_0_synth_1/runme.log
export_simulation -of_objects [get_files {{C:/Users/Leonard Matulescu/Desktop/Universidad/Proyectos Vivado/Trabajo_SED_Version_5/Trabajo_SED_Version_5.srcs/sources_1/ip/xadc_wiz_0/xadc_wiz_0.xci}}] -directory {C:/Users/Leonard Matulescu/Desktop/Universidad/Proyectos Vivado/Trabajo_SED_Version_5/Trabajo_SED_Version_5.ip_user_files/sim_scripts} -ip_user_files_dir {C:/Users/Leonard Matulescu/Desktop/Universidad/Proyectos Vivado/Trabajo_SED_Version_5/Trabajo_SED_Version_5.ip_user_files} -ipstatic_source_dir {C:/Users/Leonard Matulescu/Desktop/Universidad/Proyectos Vivado/Trabajo_SED_Version_5/Trabajo_SED_Version_5.ip_user_files/ipstatic} -lib_map_path [list {modelsim=C:/Users/Leonard Matulescu/Desktop/Universidad/Proyectos Vivado/Trabajo_SED_Version_5/Trabajo_SED_Version_5.cache/compile_simlib/modelsim} {questa=C:/Users/Leonard Matulescu/Desktop/Universidad/Proyectos Vivado/Trabajo_SED_Version_5/Trabajo_SED_Version_5.cache/compile_simlib/questa} {riviera=C:/Users/Leonard Matulescu/Desktop/Universidad/Proyectos Vivado/Trabajo_SED_Version_5/Trabajo_SED_Version_5.cache/compile_simlib/riviera} {activehdl=C:/Users/Leonard Matulescu/Desktop/Universidad/Proyectos Vivado/Trabajo_SED_Version_5/Trabajo_SED_Version_5.cache/compile_simlib/activehdl}] -use_ip_compiled_libs -force -quiet
set_property -dict [list CONFIG.SINGLE_CHANNEL_SELECTION {VP_VN}] [get_ips xadc_wiz_0]
generate_target all [get_files  {{C:/Users/Leonard Matulescu/Desktop/Universidad/Proyectos Vivado/Trabajo_SED_Version_5/Trabajo_SED_Version_5.srcs/sources_1/ip/xadc_wiz_0/xadc_wiz_0.xci}}]
INFO: [IP_Flow 19-1686] Generating 'Instantiation Template' target for IP 'xadc_wiz_0'...
INFO: [IP_Flow 19-1686] Generating 'Synthesis' target for IP 'xadc_wiz_0'...
INFO: [IP_Flow 19-1686] Generating 'Simulation' target for IP 'xadc_wiz_0'...
INFO: [IP_Flow 19-1686] Generating 'Miscellaneous' target for IP 'xadc_wiz_0'...
INFO: [IP_Flow 19-1686] Generating 'Change Log' target for IP 'xadc_wiz_0'...
catch { config_ip_cache -export [get_ips -all xadc_wiz_0] }
INFO: [IP_Flow 19-4993] Using cached IP synthesis design for IP xadc_wiz_0, cache-ID = accad8018ed64603; cache size = 0.240 MB.
catch { [ delete_ip_run [get_ips -all xadc_wiz_0] ] }
INFO: [Project 1-386] Moving file 'C:/Users/Leonard Matulescu/Desktop/Universidad/Proyectos Vivado/Trabajo_SED_Version_5/Trabajo_SED_Version_5.srcs/sources_1/ip/xadc_wiz_0/xadc_wiz_0.xci' from fileset 'xadc_wiz_0' to fileset 'sources_1'.
export_ip_user_files -of_objects [get_files {{C:/Users/Leonard Matulescu/Desktop/Universidad/Proyectos Vivado/Trabajo_SED_Version_5/Trabajo_SED_Version_5.srcs/sources_1/ip/xadc_wiz_0/xadc_wiz_0.xci}}] -no_script -sync -force -quiet
create_ip_run [get_files -of_objects [get_fileset sources_1] {{C:/Users/Leonard Matulescu/Desktop/Universidad/Proyectos Vivado/Trabajo_SED_Version_5/Trabajo_SED_Version_5.srcs/sources_1/ip/xadc_wiz_0/xadc_wiz_0.xci}}]
INFO: [Vivado 12-3453] The given sub-design is up-to-date, no action was taken.  If a run is still desired, use the '-force' option for the file:'C:/Users/Leonard Matulescu/Desktop/Universidad/Proyectos Vivado/Trabajo_SED_Version_5/Trabajo_SED_Version_5.srcs/sources_1/ip/xadc_wiz_0/xadc_wiz_0.xci'
export_simulation -of_objects [get_files {{C:/Users/Leonard Matulescu/Desktop/Universidad/Proyectos Vivado/Trabajo_SED_Version_5/Trabajo_SED_Version_5.srcs/sources_1/ip/xadc_wiz_0/xadc_wiz_0.xci}}] -directory {C:/Users/Leonard Matulescu/Desktop/Universidad/Proyectos Vivado/Trabajo_SED_Version_5/Trabajo_SED_Version_5.ip_user_files/sim_scripts} -ip_user_files_dir {C:/Users/Leonard Matulescu/Desktop/Universidad/Proyectos Vivado/Trabajo_SED_Version_5/Trabajo_SED_Version_5.ip_user_files} -ipstatic_source_dir {C:/Users/Leonard Matulescu/Desktop/Universidad/Proyectos Vivado/Trabajo_SED_Version_5/Trabajo_SED_Version_5.ip_user_files/ipstatic} -lib_map_path [list {modelsim=C:/Users/Leonard Matulescu/Desktop/Universidad/Proyectos Vivado/Trabajo_SED_Version_5/Trabajo_SED_Version_5.cache/compile_simlib/modelsim} {questa=C:/Users/Leonard Matulescu/Desktop/Universidad/Proyectos Vivado/Trabajo_SED_Version_5/Trabajo_SED_Version_5.cache/compile_simlib/questa} {riviera=C:/Users/Leonard Matulescu/Desktop/Universidad/Proyectos Vivado/Trabajo_SED_Version_5/Trabajo_SED_Version_5.cache/compile_simlib/riviera} {activehdl=C:/Users/Leonard Matulescu/Desktop/Universidad/Proyectos Vivado/Trabajo_SED_Version_5/Trabajo_SED_Version_5.cache/compile_simlib/activehdl}] -use_ip_compiled_libs -force -quiet
update_compile_order -fileset sources_1
launch_runs synth_1 -jobs 2
INFO: [Vivado 12-4149] The synthesis checkpoint for IP 'C:/Users/Leonard Matulescu/Desktop/Universidad/Proyectos Vivado/Trabajo_SED_Version_5/Trabajo_SED_Version_5.srcs/sources_1/ip/xadc_wiz_0/xadc_wiz_0.xci' is already up-to-date
[Mon Feb  8 23:46:03 2021] Launched synth_1...
Run output will be captured here: C:/Users/Leonard Matulescu/Desktop/Universidad/Proyectos Vivado/Trabajo_SED_Version_5/Trabajo_SED_Version_5.runs/synth_1/runme.log
launch_runs impl_1 -jobs 2
INFO: [Vivado 12-4149] The synthesis checkpoint for IP 'C:/Users/Leonard Matulescu/Desktop/Universidad/Proyectos Vivado/Trabajo_SED_Version_5/Trabajo_SED_Version_5.srcs/sources_1/ip/xadc_wiz_0/xadc_wiz_0.xci' is already up-to-date
[Mon Feb  8 23:49:03 2021] Launched impl_1...
Run output will be captured here: C:/Users/Leonard Matulescu/Desktop/Universidad/Proyectos Vivado/Trabajo_SED_Version_5/Trabajo_SED_Version_5.runs/impl_1/runme.log
launch_runs impl_1 -to_step write_bitstream -jobs 2
INFO: [Vivado 12-4149] The synthesis checkpoint for IP 'C:/Users/Leonard Matulescu/Desktop/Universidad/Proyectos Vivado/Trabajo_SED_Version_5/Trabajo_SED_Version_5.srcs/sources_1/ip/xadc_wiz_0/xadc_wiz_0.xci' is already up-to-date
[Mon Feb  8 23:53:23 2021] Launched impl_1...
Run output will be captured here: C:/Users/Leonard Matulescu/Desktop/Universidad/Proyectos Vivado/Trabajo_SED_Version_5/Trabajo_SED_Version_5.runs/impl_1/runme.log
reset_run synth_1
launch_runs synth_1 -jobs 2
INFO: [Vivado 12-4149] The synthesis checkpoint for IP 'C:/Users/Leonard Matulescu/Desktop/Universidad/Proyectos Vivado/Trabajo_SED_Version_5/Trabajo_SED_Version_5.srcs/sources_1/ip/xadc_wiz_0/xadc_wiz_0.xci' is already up-to-date
[Mon Feb  8 23:54:48 2021] Launched synth_1...
Run output will be captured here: C:/Users/Leonard Matulescu/Desktop/Universidad/Proyectos Vivado/Trabajo_SED_Version_5/Trabajo_SED_Version_5.runs/synth_1/runme.log
launch_runs impl_1 -jobs 2
INFO: [Vivado 12-4149] The synthesis checkpoint for IP 'C:/Users/Leonard Matulescu/Desktop/Universidad/Proyectos Vivado/Trabajo_SED_Version_5/Trabajo_SED_Version_5.srcs/sources_1/ip/xadc_wiz_0/xadc_wiz_0.xci' is already up-to-date
[Mon Feb  8 23:56:23 2021] Launched impl_1...
Run output will be captured here: C:/Users/Leonard Matulescu/Desktop/Universidad/Proyectos Vivado/Trabajo_SED_Version_5/Trabajo_SED_Version_5.runs/impl_1/runme.log
launch_runs impl_1 -to_step write_bitstream -jobs 2
INFO: [Vivado 12-4149] The synthesis checkpoint for IP 'C:/Users/Leonard Matulescu/Desktop/Universidad/Proyectos Vivado/Trabajo_SED_Version_5/Trabajo_SED_Version_5.srcs/sources_1/ip/xadc_wiz_0/xadc_wiz_0.xci' is already up-to-date
[Mon Feb  8 23:58:12 2021] Launched impl_1...
Run output will be captured here: C:/Users/Leonard Matulescu/Desktop/Universidad/Proyectos Vivado/Trabajo_SED_Version_5/Trabajo_SED_Version_5.runs/impl_1/runme.log
open_run impl_1
Netlist sorting complete. Time (s): cpu = 00:00:00 ; elapsed = 00:00:00.003 . Memory (MB): peak = 1693.961 ; gain = 0.000
INFO: [Netlist 29-17] Analyzing 10 Unisim elements for replacement
INFO: [Netlist 29-28] Unisim Transformation completed in 0 CPU seconds
INFO: [Project 1-479] Netlist was created with Vivado 2020.1
INFO: [Project 1-570] Preparing netlist for logic optimization
INFO: [Timing 38-478] Restoring timing data from binary archive.
INFO: [Timing 38-479] Binary timing data restore complete.
INFO: [Project 1-856] Restoring constraints from binary archive.
INFO: [Project 1-853] Binary constraint restore complete.
Reading XDEF placement.
Reading placer database...
Reading XDEF routing.
Read XDEF File: Time (s): cpu = 00:00:00 ; elapsed = 00:00:00.121 . Memory (MB): peak = 2199.566 ; gain = 0.000
Restored from archive | CPU: 0.000000 secs | Memory: 0.000000 MB |
Finished XDEF File Restore: Time (s): cpu = 00:00:00 ; elapsed = 00:00:00.122 . Memory (MB): peak = 2199.566 ; gain = 0.000
Netlist sorting complete. Time (s): cpu = 00:00:00 ; elapsed = 00:00:00 . Memory (MB): peak = 2199.566 ; gain = 0.000
INFO: [Project 1-111] Unisim Transformation Summary:
No Unisim elements were transformed.

open_run: Time (s): cpu = 00:00:38 ; elapsed = 00:00:29 . Memory (MB): peak = 2304.215 ; gain = 610.254
exit
INFO: [Common 17-206] Exiting Vivado at Tue Feb  9 00:03:09 2021...
