#-----------------------------------------------------------
# Vivado v2020.1 (64-bit)
# SW Build 2902540 on Wed May 27 19:54:49 MDT 2020
# IP Build 2902112 on Wed May 27 22:43:36 MDT 2020
# Start of session at: Sun Feb  7 10:35:21 2021
# Process ID: 13128
# Current directory: C:/Users/Leonard Matulescu/Desktop/Universidad/Proyectos Vivado/XADC
# Command line: vivado.exe -gui_launcher_event rodinguilauncherevent13996 C:\Users\Leonard Matulescu\Desktop\Universidad\Proyectos Vivado\XADC\XADC.xpr
# Log file: C:/Users/Leonard Matulescu/Desktop/Universidad/Proyectos Vivado/XADC/vivado.log
# Journal file: C:/Users/Leonard Matulescu/Desktop/Universidad/Proyectos Vivado/XADC\vivado.jou
#-----------------------------------------------------------
start_gui
open_project {C:/Users/Leonard Matulescu/Desktop/Universidad/Proyectos Vivado/XADC/XADC.xpr}
WARNING: [Board 49-91] Board repository path 'C:/Users/Leonard' does not exist, it will not be used to search board files.
WARNING: [Board 49-91] Board repository path 'C:/Users/Leonard' does not exist, it will not be used to search board files.
WARNING: [Board 49-91] Board repository path 'Matulescu/Desktop/Universidad/Proyectos' does not exist, it will not be used to search board files.
WARNING: [Board 49-91] Board repository path 'Vivado/Trabajo_SED_Version_1.1/Matulescu/Desktop/Universidad/Proyectos' does not exist, it will not be used to search board files.
WARNING: [Board 49-91] Board repository path 'C:/Users/Leonard' does not exist, it will not be used to search board files.
WARNING: [Board 49-91] Board repository path 'Matulescu/Desktop/Universidad/Proyectos' does not exist, it will not be used to search board files.
WARNING: [Board 49-91] Board repository path 'Vivado/Trabajo_SED_Version_1.1/Vivado/Trabajo_SED_Version_2/Matulescu/Desktop/Universidad/Proyectos' does not exist, it will not be used to search board files.
WARNING: [Board 49-91] Board repository path 'C:/Users/Leonard' does not exist, it will not be used to search board files.
WARNING: [Board 49-91] Board repository path 'Matulescu/Desktop/Universidad/Proyectos' does not exist, it will not be used to search board files.
WARNING: [Board 49-91] Board repository path 'Vivado/Trabajo_SED_Version_1.1/Vivado/Trabajo_SED_Version_2/Vivado/Trabajo_SED_Version_1.1/Matulescu/Desktop/Universidad/Proyectos' does not exist, it will not be used to search board files.
WARNING: [Board 49-91] Board repository path 'C:/Users/Leonard' does not exist, it will not be used to search board files.
WARNING: [Board 49-91] Board repository path 'Matulescu/Desktop/Universidad/Proyectos' does not exist, it will not be used to search board files.
WARNING: [Board 49-91] Board repository path 'Vivado/Trabajo_SED_Version_1.1/Vivado/Trabajo_SED_Version_2/Vivado/Trabajo_SED_Version_1.1/Vivado/Trabajo_SED_Version_1.1/Matulescu/Desktop/Universidad/Proyectos' does not exist, it will not be used to search board files.
WARNING: [Board 49-91] Board repository path 'C:/Users/Leonard' does not exist, it will not be used to search board files.
WARNING: [Board 49-91] Board repository path 'Matulescu/Desktop/Universidad/Proyectos' does not exist, it will not be used to search board files.
WARNING: [Board 49-91] Board repository path 'Vivado/Trabajo_SED_Version_1.1/Vivado/Trabajo_SED_Version_2/Vivado/Trabajo_SED_Version_1.1/Vivado/Trabajo_SED_Version_1.1/Vivado/Trabajo_SED_Version_1.1/Matulescu/AppData/Roaming/Xilinx/Vivado/Matulescu/AppData/Roaming/Xilinx/Vivado/Matulescu/Desktop/Universidad/Proyectos' does not exist, it will not be used to search board files.
WARNING: [Board 49-91] Board repository path 'C:/Users/Leonard' does not exist, it will not be used to search board files.
WARNING: [Board 49-91] Board repository path 'Matulescu/Desktop/Universidad/Proyectos' does not exist, it will not be used to search board files.
WARNING: [Board 49-91] Board repository path 'Vivado/Trabajo_SED_Version_1.1/Vivado/Trabajo_SED_Version_2/Vivado/Trabajo_SED_Version_1.1/Vivado/Trabajo_SED_Version_1.1/Vivado/Trabajo_SED_Version_1.1/Matulescu/AppData/Roaming/Xilinx/Vivado/Matulescu/AppData/Roaming/Xilinx/Vivado/Vivado/Practica_2/Matulescu/Desktop/Universidad/Proyectos' does not exist, it will not be used to search board files.
WARNING: [Board 49-91] Board repository path 'C:/Users/Leonard' does not exist, it will not be used to search board files.
WARNING: [Board 49-91] Board repository path 'Matulescu/Desktop/Universidad/Proyectos' does not exist, it will not be used to search board files.
WARNING: [Board 49-91] Board repository path 'Vivado/Trabajo_SED_Version_1.1/Vivado/Trabajo_SED_Version_2/Vivado/Trabajo_SED_Version_1.1/Vivado/Trabajo_SED_Version_1.1/Vivado/Trabajo_SED_Version_1.1/Matulescu/AppData/Roaming/Xilinx/Vivado/Matulescu/AppData/Roaming/Xilinx/Vivado/Vivado/Practica_2/Vivado/Practica3/Matulescu/Desktop/Universidad/Proyectos' does not exist, it will not be used to search board files.
WARNING: [Board 49-91] Board repository path 'C:/Users/Leonard' does not exist, it will not be used to search board files.
WARNING: [Board 49-91] Board repository path 'Matulescu/Desktop/Universidad/Proyectos' does not exist, it will not be used to search board files.
WARNING: [Board 49-91] Board repository path 'Vivado/Trabajo_SED_Version_1.1/Vivado/Trabajo_SED_Version_2/Vivado/Trabajo_SED_Version_1.1/Vivado/Trabajo_SED_Version_1.1/Vivado/Trabajo_SED_Version_1.1/Matulescu/AppData/Roaming/Xilinx/Vivado/Matulescu/AppData/Roaming/Xilinx/Vivado/Vivado/Practica_2/Vivado/Practica3/Vivado/Practica3/Matulescu/Desktop/Universidad/Proyectos' does not exist, it will not be used to search board files.
WARNING: [Board 49-91] Board repository path 'C:/Users/Leonard' does not exist, it will not be used to search board files.
WARNING: [Board 49-91] Board repository path 'Matulescu/Desktop/Universidad/Proyectos' does not exist, it will not be used to search board files.
WARNING: [Board 49-91] Board repository path 'Vivado/Trabajo_SED_Version_1.1/Vivado/Trabajo_SED_Version_2/Vivado/Trabajo_SED_Version_1.1/Vivado/Trabajo_SED_Version_1.1/Vivado/Trabajo_SED_Version_1.1/Matulescu/AppData/Roaming/Xilinx/Vivado/Matulescu/AppData/Roaming/Xilinx/Vivado/Vivado/Practica_2/Vivado/Practica3/Vivado/Practica3/Vivado/Practica3/Matulescu/AppData/Roaming/Xilinx/Vivado/Matulescu/AppData/Roaming/Xilinx/Vivado/Matulescu/AppData/Roaming/Xilinx/Vivado/Matulescu/AppData/Roaming/Xilinx/Vivado/Matulescu/AppData/Roaming/Xilinx/Vivado/Matulescu/Desktop/Universidad/Proyectos' does not exist, it will not be used to search board files.
WARNING: [Board 49-91] Board repository path 'C:/Users/Leonard' does not exist, it will not be used to search board files.
WARNING: [Board 49-91] Board repository path 'Matulescu/Desktop/Universidad/Proyectos' does not exist, it will not be used to search board files.
WARNING: [Board 49-91] Board repository path 'Vivado/Trabajo_SED_Version_1.1/Vivado/Trabajo_SED_Version_2/Vivado/Trabajo_SED_Version_1.1/Vivado/Trabajo_SED_Version_1.1/Vivado/Trabajo_SED_Version_1.1/Matulescu/AppData/Roaming/Xilinx/Vivado/Matulescu/AppData/Roaming/Xilinx/Vivado/Vivado/Practica_2/Vivado/Practica3/Vivado/Practica3/Vivado/Practica3/Matulescu/AppData/Roaming/Xilinx/Vivado/Matulescu/AppData/Roaming/Xilinx/Vivado/Matulescu/AppData/Roaming/Xilinx/Vivado/Matulescu/AppData/Roaming/Xilinx/Vivado/Matulescu/AppData/Roaming/Xilinx/Vivado/Vivado/Practica_2/Matulescu/AppData/Roaming/Xilinx/Vivado/Matulescu/AppData/Roaming/Xilinx/Vivado/Matulescu/AppData/Roaming/Xilinx/Vivado/Matulescu/AppData/Roaming/Xilinx/Vivado/Matulescu/AppData/Roaming/Xilinx/Vivado/Matulescu/AppData/Roaming/Xilinx/Vivado/Matulescu/AppData/Roaming/Xilinx/Vivado/Matulescu/AppData/Roaming/Xilinx/Vivado/{C:/Users/Leonard' does not exist, it will not be used to search board files.
WARNING: [Board 49-91] Board repository path 'C:/Users/Leonard' does not exist, it will not be used to search board files.
WARNING: [Board 49-91] Board repository path 'Matulescu/Desktop/Universidad/Proyectos' does not exist, it will not be used to search board files.
WARNING: [Board 49-91] Board repository path 'Vivado/Trabajo_SED_Version_1.1/Vivado/Trabajo_SED_Version_2/Vivado/Trabajo_SED_Version_1.1/Vivado/Trabajo_SED_Version_1.1/Vivado/Trabajo_SED_Version_1.1/Matulescu/AppData/Roaming/Xilinx/Vivado/Matulescu/AppData/Roaming/Xilinx/Vivado/Vivado/Practica_2/Vivado/Practica3/Vivado/Practica3/Vivado/Practica3/Matulescu/AppData/Roaming/Xilinx/Vivado/Matulescu/AppData/Roaming/Xilinx/Vivado/Matulescu/AppData/Roaming/Xilinx/Vivado/Matulescu/AppData/Roaming/Xilinx/Vivado/Matulescu/AppData/Roaming/Xilinx/Vivado/Vivado/Practica_2/Matulescu/AppData/Roaming/Xilinx/Vivado/Matulescu/AppData/Roaming/Xilinx/Vivado/Matulescu/AppData/Roaming/Xilinx/Vivado/Matulescu/AppData/Roaming/Xilinx/Vivado/Matulescu/AppData/Roaming/Xilinx/Vivado/Matulescu/AppData/Roaming/Xilinx/Vivado/Matulescu/AppData/Roaming/Xilinx/Vivado/Matulescu/AppData/Roaming/Xilinx/Vivado/Matulescu/AppData/Roaming/Xilinx/Vivado/2020.1/xhub/board_store/xilinx_board_store}' does not exist, it will not be used to search board files.
WARNING: [Board 49-91] Board repository path 'C:/Users/Leonard' does not exist, it will not be used to search board files.
WARNING: [Board 49-91] Board repository path 'Matulescu/Desktop/Universidad/Proyectos' does not exist, it will not be used to search board files.
WARNING: [Board 49-91] Board repository path 'Vivado/Trabajo_SED_Version_1.1/Vivado/Trabajo_SED_Version_2/Vivado/Trabajo_SED_Version_1.1/Vivado/Trabajo_SED_Version_1.1/Vivado/Trabajo_SED_Version_1.1/Matulescu/AppData/Roaming/Xilinx/Vivado/Matulescu/AppData/Roaming/Xilinx/Vivado/Vivado/Practica_2/Vivado/Practica3/Vivado/Practica3/Vivado/Practica3/Matulescu/AppData/Roaming/Xilinx/Vivado/Matulescu/AppData/Roaming/Xilinx/Vivado/Matulescu/AppData/Roaming/Xilinx/Vivado/Matulescu/AppData/Roaming/Xilinx/Vivado/Matulescu/AppData/Roaming/Xilinx/Vivado/Vivado/Practica_2/Matulescu/AppData/Roaming/Xilinx/Vivado/Matulescu/AppData/Roaming/Xilinx/Vivado/Matulescu/AppData/Roaming/Xilinx/Vivado/Matulescu/AppData/Roaming/Xilinx/Vivado/Matulescu/AppData/Roaming/Xilinx/Vivado/Matulescu/AppData/Roaming/Xilinx/Vivado/Matulescu/AppData/Roaming/Xilinx/Vivado/Matulescu/AppData/Roaming/Xilinx/Vivado/Matulescu/AppData/Roaming/Xilinx/Vivado/{C:/Users/Leonard}' does not exist, it will not be used to search board files.
WARNING: [Board 49-91] Board repository path 'C:/Users/Leonard' does not exist, it will not be used to search board files.
WARNING: [Board 49-91] Board repository path 'Matulescu/Desktop/Universidad/Proyectos' does not exist, it will not be used to search board files.
WARNING: [Board 49-91] Board repository path 'Vivado/Trabajo_SED_Version_1.1/Vivado/Trabajo_SED_Version_2/Vivado/Trabajo_SED_Version_1.1/Vivado/Trabajo_SED_Version_1.1/Vivado/Trabajo_SED_Version_1.1/Matulescu/AppData/Roaming/Xilinx/Vivado/Matulescu/AppData/Roaming/Xilinx/Vivado/Vivado/Practica_2/Vivado/Practica3/Vivado/Practica3/Vivado/Practica3/Matulescu/AppData/Roaming/Xilinx/Vivado/Matulescu/AppData/Roaming/Xilinx/Vivado/Matulescu/AppData/Roaming/Xilinx/Vivado/Matulescu/AppData/Roaming/Xilinx/Vivado/Matulescu/AppData/Roaming/Xilinx/Vivado/Vivado/Practica_2/Matulescu/AppData/Roaming/Xilinx/Vivado/Matulescu/AppData/Roaming/Xilinx/Vivado/Matulescu/AppData/Roaming/Xilinx/Vivado/Matulescu/AppData/Roaming/Xilinx/Vivado/Matulescu/AppData/Roaming/Xilinx/Vivado/Matulescu/AppData/Roaming/Xilinx/Vivado/Matulescu/AppData/Roaming/Xilinx/Vivado/Matulescu/AppData/Roaming/Xilinx/Vivado/Matulescu/AppData/Roaming/Xilinx/Vivado/Matulescu/AppData/Roaming/Xilinx/Vivado/2020.1/xhub/board_store/xilinx_board_store}}' does not exist, it will not be used to search board files.
Scanning sources...
Finished scanning sources
WARNING: [filemgmt 56-3] Board Part Repository Path: Could not find the directory 'C:/Users/Leonard'.
WARNING: [filemgmt 56-3] Board Part Repository Path: Could not find the directory 'C:/Users/Leonard'.
WARNING: [filemgmt 56-3] Board Part Repository Path: Could not find the directory 'C:/Users/Leonard'.
WARNING: [filemgmt 56-3] Board Part Repository Path: Could not find the directory 'C:/Users/Leonard Matulescu/AppData/Roaming/Xilinx/Vivado/Matulescu/AppData/Roaming/Xilinx/Vivado/Matulescu/AppData/Roaming/Xilinx/Vivado/Matulescu/AppData/Roaming/Xilinx/Vivado/Matulescu/AppData/Roaming/Xilinx/Vivado/Matulescu/AppData/Roaming/Xilinx/Vivado/Matulescu/Desktop/Universidad/Proyectos'.
WARNING: [filemgmt 56-3] Board Part Repository Path: Could not find the directory 'C:/Users/Leonard'.
WARNING: [filemgmt 56-3] Board Part Repository Path: Could not find the directory 'C:/Users/Leonard Matulescu/AppData/Roaming/Xilinx/Vivado/Matulescu/AppData/Roaming/Xilinx/Vivado/Matulescu/AppData/Roaming/Xilinx/Vivado/Matulescu/AppData/Roaming/Xilinx/Vivado/Matulescu/AppData/Roaming/Xilinx/Vivado/Matulescu/AppData/Roaming/Xilinx/Vivado/Vivado/Trabajo_SED_Version_2/Matulescu/Desktop/Universidad/Proyectos'.
WARNING: [filemgmt 56-3] Board Part Repository Path: Could not find the directory 'C:/Users/Leonard'.
WARNING: [filemgmt 56-3] Board Part Repository Path: Could not find the directory 'C:/Users/Leonard Matulescu/AppData/Roaming/Xilinx/Vivado/Matulescu/AppData/Roaming/Xilinx/Vivado/Matulescu/AppData/Roaming/Xilinx/Vivado/Matulescu/AppData/Roaming/Xilinx/Vivado/Matulescu/AppData/Roaming/Xilinx/Vivado/Matulescu/AppData/Roaming/Xilinx/Vivado/Vivado/Trabajo_SED_Version_2/Vivado/Trabajo_SED_Version_1.1/Matulescu/Desktop/Universidad/Proyectos'.
WARNING: [filemgmt 56-3] Board Part Repository Path: Could not find the directory 'C:/Users/Leonard'.
WARNING: [filemgmt 56-3] Board Part Repository Path: Could not find the directory 'C:/Users/Leonard Matulescu/AppData/Roaming/Xilinx/Vivado/Matulescu/AppData/Roaming/Xilinx/Vivado/Matulescu/AppData/Roaming/Xilinx/Vivado/Matulescu/AppData/Roaming/Xilinx/Vivado/Matulescu/AppData/Roaming/Xilinx/Vivado/Matulescu/AppData/Roaming/Xilinx/Vivado/Vivado/Trabajo_SED_Version_2/Vivado/Trabajo_SED_Version_1.1/Vivado/Trabajo_SED_Version_2/Matulescu/Desktop/Universidad/Proyectos'.
WARNING: [filemgmt 56-3] Board Part Repository Path: Could not find the directory 'C:/Users/Leonard'.
WARNING: [filemgmt 56-3] Board Part Repository Path: Could not find the directory 'C:/Users/Leonard Matulescu/AppData/Roaming/Xilinx/Vivado/Matulescu/AppData/Roaming/Xilinx/Vivado/Matulescu/AppData/Roaming/Xilinx/Vivado/Matulescu/AppData/Roaming/Xilinx/Vivado/Matulescu/AppData/Roaming/Xilinx/Vivado/Matulescu/AppData/Roaming/Xilinx/Vivado/Vivado/Trabajo_SED_Version_2/Vivado/Trabajo_SED_Version_1.1/Vivado/Trabajo_SED_Version_2/Vivado/Trabajo_SED_Version_1.1/Matulescu/Desktop/Universidad/Proyectos'.
WARNING: [filemgmt 56-3] Board Part Repository Path: Could not find the directory 'C:/Users/Leonard'.
WARNING: [filemgmt 56-3] Board Part Repository Path: Could not find the directory 'C:/Users/Leonard Matulescu/AppData/Roaming/Xilinx/Vivado/Matulescu/AppData/Roaming/Xilinx/Vivado/Matulescu/AppData/Roaming/Xilinx/Vivado/Matulescu/AppData/Roaming/Xilinx/Vivado/Matulescu/AppData/Roaming/Xilinx/Vivado/Matulescu/AppData/Roaming/Xilinx/Vivado/Vivado/Trabajo_SED_Version_2/Vivado/Trabajo_SED_Version_1.1/Vivado/Trabajo_SED_Version_2/Vivado/Trabajo_SED_Version_1.1/Vivado/Trabajo_SED_Version_1.1/Matulescu/Desktop/Universidad/Proyectos'.
WARNING: [filemgmt 56-3] Board Part Repository Path: Could not find the directory 'C:/Users/Leonard'.
WARNING: [filemgmt 56-3] Board Part Repository Path: Could not find the directory 'C:/Users/Leonard Matulescu/AppData/Roaming/Xilinx/Vivado/Matulescu/AppData/Roaming/Xilinx/Vivado/Matulescu/AppData/Roaming/Xilinx/Vivado/Matulescu/AppData/Roaming/Xilinx/Vivado/Matulescu/AppData/Roaming/Xilinx/Vivado/Matulescu/AppData/Roaming/Xilinx/Vivado/Vivado/Trabajo_SED_Version_2/Vivado/Trabajo_SED_Version_1.1/Vivado/Trabajo_SED_Version_2/Vivado/Trabajo_SED_Version_1.1/Vivado/Trabajo_SED_Version_1.1/Vivado/Trabajo_SED_Version_1.1/Matulescu/AppData/Roaming/Xilinx/Vivado/Matulescu/AppData/Roaming/Xilinx/Vivado/Matulescu/Desktop/Universidad/Proyectos'.
WARNING: [filemgmt 56-3] Board Part Repository Path: Could not find the directory 'C:/Users/Leonard'.
WARNING: [filemgmt 56-3] Board Part Repository Path: Could not find the directory 'C:/Users/Leonard Matulescu/AppData/Roaming/Xilinx/Vivado/Matulescu/AppData/Roaming/Xilinx/Vivado/Matulescu/AppData/Roaming/Xilinx/Vivado/Matulescu/AppData/Roaming/Xilinx/Vivado/Matulescu/AppData/Roaming/Xilinx/Vivado/Matulescu/AppData/Roaming/Xilinx/Vivado/Vivado/Trabajo_SED_Version_2/Vivado/Trabajo_SED_Version_1.1/Vivado/Trabajo_SED_Version_2/Vivado/Trabajo_SED_Version_1.1/Vivado/Trabajo_SED_Version_1.1/Vivado/Trabajo_SED_Version_1.1/Matulescu/AppData/Roaming/Xilinx/Vivado/Matulescu/AppData/Roaming/Xilinx/Vivado/Vivado/Practica_2/Matulescu/Desktop/Universidad/Proyectos'.
WARNING: [filemgmt 56-3] Board Part Repository Path: Could not find the directory 'C:/Users/Leonard'.
WARNING: [filemgmt 56-3] Board Part Repository Path: Could not find the directory 'C:/Users/Leonard Matulescu/AppData/Roaming/Xilinx/Vivado/Matulescu/AppData/Roaming/Xilinx/Vivado/Matulescu/AppData/Roaming/Xilinx/Vivado/Matulescu/AppData/Roaming/Xilinx/Vivado/Matulescu/AppData/Roaming/Xilinx/Vivado/Matulescu/AppData/Roaming/Xilinx/Vivado/Vivado/Trabajo_SED_Version_2/Vivado/Trabajo_SED_Version_1.1/Vivado/Trabajo_SED_Version_2/Vivado/Trabajo_SED_Version_1.1/Vivado/Trabajo_SED_Version_1.1/Vivado/Trabajo_SED_Version_1.1/Matulescu/AppData/Roaming/Xilinx/Vivado/Matulescu/AppData/Roaming/Xilinx/Vivado/Vivado/Practica_2/Vivado/Practica3/Matulescu/Desktop/Universidad/Proyectos'.
WARNING: [filemgmt 56-3] Board Part Repository Path: Could not find the directory 'C:/Users/Leonard'.
WARNING: [filemgmt 56-3] Board Part Repository Path: Could not find the directory 'C:/Users/Leonard Matulescu/AppData/Roaming/Xilinx/Vivado/Matulescu/AppData/Roaming/Xilinx/Vivado/Matulescu/AppData/Roaming/Xilinx/Vivado/Matulescu/AppData/Roaming/Xilinx/Vivado/Matulescu/AppData/Roaming/Xilinx/Vivado/Matulescu/AppData/Roaming/Xilinx/Vivado/Vivado/Trabajo_SED_Version_2/Vivado/Trabajo_SED_Version_1.1/Vivado/Trabajo_SED_Version_2/Vivado/Trabajo_SED_Version_1.1/Vivado/Trabajo_SED_Version_1.1/Vivado/Trabajo_SED_Version_1.1/Matulescu/AppData/Roaming/Xilinx/Vivado/Matulescu/AppData/Roaming/Xilinx/Vivado/Vivado/Practica_2/Vivado/Practica3/Vivado/Practica3/Matulescu/Desktop/Universidad/Proyectos'.
WARNING: [filemgmt 56-3] Board Part Repository Path: Could not find the directory 'C:/Users/Leonard'.
WARNING: [filemgmt 56-3] Board Part Repository Path: Could not find the directory 'C:/Users/Leonard Matulescu/AppData/Roaming/Xilinx/Vivado/Matulescu/AppData/Roaming/Xilinx/Vivado/Matulescu/AppData/Roaming/Xilinx/Vivado/Matulescu/AppData/Roaming/Xilinx/Vivado/Matulescu/AppData/Roaming/Xilinx/Vivado/Matulescu/AppData/Roaming/Xilinx/Vivado/Vivado/Trabajo_SED_Version_2/Vivado/Trabajo_SED_Version_1.1/Vivado/Trabajo_SED_Version_2/Vivado/Trabajo_SED_Version_1.1/Vivado/Trabajo_SED_Version_1.1/Vivado/Trabajo_SED_Version_1.1/Matulescu/AppData/Roaming/Xilinx/Vivado/Matulescu/AppData/Roaming/Xilinx/Vivado/Vivado/Practica_2/Vivado/Practica3/Vivado/Practica3/Vivado/Practica3/Matulescu/AppData/Roaming/Xilinx/Vivado/Matulescu/AppData/Roaming/Xilinx/Vivado/Matulescu/AppData/Roaming/Xilinx/Vivado/Matulescu/AppData/Roaming/Xilinx/Vivado/Matulescu/AppData/Roaming/Xilinx/Vivado/Matulescu/Desktop/Universidad/Proyectos'.
WARNING: [filemgmt 56-3] Board Part Repository Path: Could not find the directory 'C:/Users/Leonard'.
WARNING: [filemgmt 56-3] Board Part Repository Path: Could not find the directory 'C:/Users/Leonard Matulescu/AppData/Roaming/Xilinx/Vivado/Matulescu/AppData/Roaming/Xilinx/Vivado/Matulescu/AppData/Roaming/Xilinx/Vivado/Matulescu/AppData/Roaming/Xilinx/Vivado/Matulescu/AppData/Roaming/Xilinx/Vivado/Matulescu/AppData/Roaming/Xilinx/Vivado/Vivado/Trabajo_SED_Version_2/Vivado/Trabajo_SED_Version_1.1/Vivado/Trabajo_SED_Version_2/Vivado/Trabajo_SED_Version_1.1/Vivado/Trabajo_SED_Version_1.1/Vivado/Trabajo_SED_Version_1.1/Matulescu/AppData/Roaming/Xilinx/Vivado/Matulescu/AppData/Roaming/Xilinx/Vivado/Vivado/Practica_2/Vivado/Practica3/Vivado/Practica3/Vivado/Practica3/Matulescu/AppData/Roaming/Xilinx/Vivado/Matulescu/AppData/Roaming/Xilinx/Vivado/Matulescu/AppData/Roaming/Xilinx/Vivado/Matulescu/AppData/Roaming/Xilinx/Vivado/Matulescu/AppData/Roaming/Xilinx/Vivado/Vivado/Practica_2/Matulescu/AppData/Roaming/Xilinx/Vivado/Matulescu/AppData/Roaming/Xilinx/Vivado/Matulescu/AppData/Roaming/Xilinx/Vivado/Matulescu/AppData/Roaming/Xilinx/Vivado/Matulescu/AppData/Roaming/Xilinx/Vivado/Matulescu/AppData/Roaming/Xilinx/Vivado/Matulescu/AppData/Roaming/Xilinx/Vivado/Matulescu/AppData/Roaming/Xilinx/Vivado/{C:/Users/Leonard'.
WARNING: [filemgmt 56-3] Board Part Repository Path: Could not find the directory 'C:/Users/Leonard'.
WARNING: [filemgmt 56-3] Board Part Repository Path: Could not find the directory 'C:/Users/Leonard Matulescu/AppData/Roaming/Xilinx/Vivado/Matulescu/AppData/Roaming/Xilinx/Vivado/Matulescu/AppData/Roaming/Xilinx/Vivado/Matulescu/AppData/Roaming/Xilinx/Vivado/Matulescu/AppData/Roaming/Xilinx/Vivado/Matulescu/AppData/Roaming/Xilinx/Vivado/Vivado/Trabajo_SED_Version_2/Vivado/Trabajo_SED_Version_1.1/Vivado/Trabajo_SED_Version_2/Vivado/Trabajo_SED_Version_1.1/Vivado/Trabajo_SED_Version_1.1/Vivado/Trabajo_SED_Version_1.1/Matulescu/AppData/Roaming/Xilinx/Vivado/Matulescu/AppData/Roaming/Xilinx/Vivado/Vivado/Practica_2/Vivado/Practica3/Vivado/Practica3/Vivado/Practica3/Matulescu/AppData/Roaming/Xilinx/Vivado/Matulescu/AppData/Roaming/Xilinx/Vivado/Matulescu/AppData/Roaming/Xilinx/Vivado/Matulescu/AppData/Roaming/Xilinx/Vivado/Matulescu/AppData/Roaming/Xilinx/Vivado/Vivado/Practica_2/Matulescu/AppData/Roaming/Xilinx/Vivado/Matulescu/AppData/Roaming/Xilinx/Vivado/Matulescu/AppData/Roaming/Xilinx/Vivado/Matulescu/AppData/Roaming/Xilinx/Vivado/Matulescu/AppData/Roaming/Xilinx/Vivado/Matulescu/AppData/Roaming/Xilinx/Vivado/Matulescu/AppData/Roaming/Xilinx/Vivado/Matulescu/AppData/Roaming/Xilinx/Vivado/Matulescu/AppData/Roaming/Xilinx/Vivado/2020.1/xhub/board_store/xilinx_board_store}'.
WARNING: [filemgmt 56-3] Board Part Repository Path: Could not find the directory 'C:/Users/Leonard'.
WARNING: [filemgmt 56-3] Board Part Repository Path: Could not find the directory 'C:/Users/Leonard Matulescu/AppData/Roaming/Xilinx/Vivado/Matulescu/AppData/Roaming/Xilinx/Vivado/Matulescu/AppData/Roaming/Xilinx/Vivado/Matulescu/AppData/Roaming/Xilinx/Vivado/Matulescu/AppData/Roaming/Xilinx/Vivado/Matulescu/AppData/Roaming/Xilinx/Vivado/Vivado/Trabajo_SED_Version_2/Vivado/Trabajo_SED_Version_1.1/Vivado/Trabajo_SED_Version_2/Vivado/Trabajo_SED_Version_1.1/Vivado/Trabajo_SED_Version_1.1/Vivado/Trabajo_SED_Version_1.1/Matulescu/AppData/Roaming/Xilinx/Vivado/Matulescu/AppData/Roaming/Xilinx/Vivado/Vivado/Practica_2/Vivado/Practica3/Vivado/Practica3/Vivado/Practica3/Matulescu/AppData/Roaming/Xilinx/Vivado/Matulescu/AppData/Roaming/Xilinx/Vivado/Matulescu/AppData/Roaming/Xilinx/Vivado/Matulescu/AppData/Roaming/Xilinx/Vivado/Matulescu/AppData/Roaming/Xilinx/Vivado/Vivado/Practica_2/Matulescu/AppData/Roaming/Xilinx/Vivado/Matulescu/AppData/Roaming/Xilinx/Vivado/Matulescu/AppData/Roaming/Xilinx/Vivado/Matulescu/AppData/Roaming/Xilinx/Vivado/Matulescu/AppData/Roaming/Xilinx/Vivado/Matulescu/AppData/Roaming/Xilinx/Vivado/Matulescu/AppData/Roaming/Xilinx/Vivado/Matulescu/AppData/Roaming/Xilinx/Vivado/Matulescu/AppData/Roaming/Xilinx/Vivado/{C:/Users/Leonard}'.
WARNING: [filemgmt 56-3] Board Part Repository Path: Could not find the directory 'C:/Users/Leonard'.
WARNING: [filemgmt 56-3] Board Part Repository Path: Could not find the directory 'C:/Users/Leonard Matulescu/AppData/Roaming/Xilinx/Vivado/Matulescu/AppData/Roaming/Xilinx/Vivado/Matulescu/AppData/Roaming/Xilinx/Vivado/Matulescu/AppData/Roaming/Xilinx/Vivado/Matulescu/AppData/Roaming/Xilinx/Vivado/Matulescu/AppData/Roaming/Xilinx/Vivado/Vivado/Trabajo_SED_Version_2/Vivado/Trabajo_SED_Version_1.1/Vivado/Trabajo_SED_Version_2/Vivado/Trabajo_SED_Version_1.1/Vivado/Trabajo_SED_Version_1.1/Vivado/Trabajo_SED_Version_1.1/Matulescu/AppData/Roaming/Xilinx/Vivado/Matulescu/AppData/Roaming/Xilinx/Vivado/Vivado/Practica_2/Vivado/Practica3/Vivado/Practica3/Vivado/Practica3/Matulescu/AppData/Roaming/Xilinx/Vivado/Matulescu/AppData/Roaming/Xilinx/Vivado/Matulescu/AppData/Roaming/Xilinx/Vivado/Matulescu/AppData/Roaming/Xilinx/Vivado/Matulescu/AppData/Roaming/Xilinx/Vivado/Vivado/Practica_2/Matulescu/AppData/Roaming/Xilinx/Vivado/Matulescu/AppData/Roaming/Xilinx/Vivado/Matulescu/AppData/Roaming/Xilinx/Vivado/Matulescu/AppData/Roaming/Xilinx/Vivado/Matulescu/AppData/Roaming/Xilinx/Vivado/Matulescu/AppData/Roaming/Xilinx/Vivado/Matulescu/AppData/Roaming/Xilinx/Vivado/Matulescu/AppData/Roaming/Xilinx/Vivado/Matulescu/AppData/Roaming/Xilinx/Vivado/Matulescu/AppData/Roaming/Xilinx/Vivado/2020.1/xhub/board_store/xilinx_board_store}}'.
INFO: [IP_Flow 19-234] Refreshing IP repositories
INFO: [IP_Flow 19-1704] No user IP repositories specified
INFO: [IP_Flow 19-2313] Loaded Vivado IP repository 'C:/Xilinx/Vivado/2020.1/data/ip'.
open_project: Time (s): cpu = 00:00:39 ; elapsed = 00:01:34 . Memory (MB): peak = 953.461 ; gain = 15.105
update_compile_order -fileset sources_1
INFO: [Device 21-403] Loading part xc7a100tcsg324-1
launch_simulation
Command: launch_simulation 
INFO: [Vivado 12-5698] Checking validity of IPs in the design for the 'XSim' simulator...
INFO: [Vivado 12-5682] Launching behavioral simulation in 'C:/Users/Leonard Matulescu/Desktop/Universidad/Proyectos Vivado/XADC/XADC.sim/sim_1/behav/xsim'
INFO: [Vivado 12-4795] Using compiled simulation libraries for IPs
INFO: [SIM-utils-51] Simulation object is 'sim_1'
INFO: [USF-XSim-7] Finding pre-compiled libraries...
INFO: [USF-XSim-11] File 'C:/Xilinx/Vivado/2020.1/data/xsim/xsim.ini' copied to run dir:'C:/Users/Leonard Matulescu/Desktop/Universidad/Proyectos Vivado/XADC/XADC.sim/sim_1/behav/xsim'
INFO: [SIM-utils-54] Inspecting design source files for 'top_XADC_tb' in fileset 'sim_1'...
INFO: [USF-XSim-97] Finding global include files...
INFO: [USF-XSim-98] Fetching design files from 'sim_1'...
INFO: [USF-XSim-2] XSim::Compile design
INFO: [USF-XSim-61] Executing 'COMPILE and ANALYZE' step in 'C:/Users/Leonard Matulescu/Desktop/Universidad/Proyectos Vivado/XADC/XADC.sim/sim_1/behav/xsim'
"xvlog --incr --relax -prj top_XADC_tb_vlog.prj"
"xvhdl --incr --relax -prj top_XADC_tb_vhdl.prj"
run_program: Time (s): cpu = 00:00:00 ; elapsed = 00:00:06 . Memory (MB): peak = 2351.980 ; gain = 0.000
INFO: [USF-XSim-69] 'compile' step finished in '6' seconds
INFO: [USF-XSim-3] XSim::Elaborate design
INFO: [USF-XSim-61] Executing 'ELABORATE' step in 'C:/Users/Leonard Matulescu/Desktop/Universidad/Proyectos Vivado/XADC/XADC.sim/sim_1/behav/xsim'
"xelab -wto 27d6c370491245baa53fd83436abcee1 --incr --debug typical --relax --mt 2 -L xil_defaultlib -L unisims_ver -L unimacro_ver -L secureip -L xpm --snapshot top_XADC_tb_behav xil_defaultlib.top_XADC_tb xil_defaultlib.glbl -log elaborate.log"
Vivado Simulator 2020.1
Copyright 1986-1999, 2001-2020 Xilinx, Inc. All Rights Reserved.
Running: C:/Xilinx/Vivado/2020.1/bin/unwrapped/win64.o/xelab.exe -wto 27d6c370491245baa53fd83436abcee1 --incr --debug typical --relax --mt 2 -L xil_defaultlib -L unisims_ver -L unimacro_ver -L secureip -L xpm --snapshot top_XADC_tb_behav xil_defaultlib.top_XADC_tb xil_defaultlib.glbl -log elaborate.log 
Using 2 slave threads.
Starting static elaboration
Pass Through NonSizing Optimizer
Completed static elaboration
INFO: [XSIM 43-4323] No Change in HDL. Linking previously generated obj files to create kernel
INFO: [USF-XSim-69] 'elaborate' step finished in '4' seconds
INFO: [USF-XSim-4] XSim::Simulate design
INFO: [USF-XSim-61] Executing 'SIMULATE' step in 'C:/Users/Leonard Matulescu/Desktop/Universidad/Proyectos Vivado/XADC/XADC.sim/sim_1/behav/xsim'
INFO: [USF-XSim-98] *** Running xsim
   with args "top_XADC_tb_behav -key {Behavioral:sim_1:Functional:top_XADC_tb} -tclbatch {top_XADC_tb.tcl} -log {simulate.log}"
INFO: [USF-XSim-8] Loading simulator feature
Vivado Simulator 2020.1
Time resolution is 1 ps
source top_XADC_tb.tcl
# set curr_wave [current_wave_config]
# if { [string length $curr_wave] == 0 } {
#   if { [llength [get_objects]] > 0} {
#     add_wave /
#     set_property needs_save false [current_wave_config]
#   } else {
#      send_msg_id Add_Wave-1 WARNING "No top level signals found. Simulator will start without a wave window. If you want to open a wave window go to 'File->New Waveform Configuration' or type 'create_wave_config' in the TCL console."
#   }
# }
# run 6us
xsim: Time (s): cpu = 00:00:07 ; elapsed = 00:00:11 . Memory (MB): peak = 2351.980 ; gain = 0.000
INFO: [USF-XSim-96] XSim completed. Design snapshot 'top_XADC_tb_behav' loaded.
INFO: [USF-XSim-97] XSim simulation ran for 6us
launch_simulation: Time (s): cpu = 00:00:09 ; elapsed = 00:00:31 . Memory (MB): peak = 2351.980 ; gain = 0.000
close_sim
INFO: [Simtcl 6-16] Simulation closed
set_property -dict [list CONFIG.BIPOLAR_OPERATION {true}] [get_ips xadc_wiz_0]
generate_target all [get_files  {{C:/Users/Leonard Matulescu/Desktop/Universidad/Proyectos Vivado/XADC/XADC.srcs/sources_1/ip/xadc_wiz_0/xadc_wiz_0.xci}}]
INFO: [IP_Flow 19-1686] Generating 'Instantiation Template' target for IP 'xadc_wiz_0'...
INFO: [IP_Flow 19-1686] Generating 'Synthesis' target for IP 'xadc_wiz_0'...
INFO: [IP_Flow 19-1686] Generating 'Simulation' target for IP 'xadc_wiz_0'...
INFO: [IP_Flow 19-1686] Generating 'Miscellaneous' target for IP 'xadc_wiz_0'...
INFO: [IP_Flow 19-1686] Generating 'Change Log' target for IP 'xadc_wiz_0'...
catch { config_ip_cache -export [get_ips -all xadc_wiz_0] }
export_ip_user_files -of_objects [get_files {{C:/Users/Leonard Matulescu/Desktop/Universidad/Proyectos Vivado/XADC/XADC.srcs/sources_1/ip/xadc_wiz_0/xadc_wiz_0.xci}}] -no_script -sync -force -quiet
reset_run xadc_wiz_0_synth_1
launch_runs xadc_wiz_0_synth_1 -jobs 2
[Sun Feb  7 12:51:35 2021] Launched xadc_wiz_0_synth_1...
Run output will be captured here: C:/Users/Leonard Matulescu/Desktop/Universidad/Proyectos Vivado/XADC/XADC.runs/xadc_wiz_0_synth_1/runme.log
export_simulation -of_objects [get_files {{C:/Users/Leonard Matulescu/Desktop/Universidad/Proyectos Vivado/XADC/XADC.srcs/sources_1/ip/xadc_wiz_0/xadc_wiz_0.xci}}] -directory {C:/Users/Leonard Matulescu/Desktop/Universidad/Proyectos Vivado/XADC/XADC.ip_user_files/sim_scripts} -ip_user_files_dir {C:/Users/Leonard Matulescu/Desktop/Universidad/Proyectos Vivado/XADC/XADC.ip_user_files} -ipstatic_source_dir {C:/Users/Leonard Matulescu/Desktop/Universidad/Proyectos Vivado/XADC/XADC.ip_user_files/ipstatic} -lib_map_path [list {modelsim=C:/Users/Leonard Matulescu/Desktop/Universidad/Proyectos Vivado/XADC/XADC.cache/compile_simlib/modelsim} {questa=C:/Users/Leonard Matulescu/Desktop/Universidad/Proyectos Vivado/XADC/XADC.cache/compile_simlib/questa} {riviera=C:/Users/Leonard Matulescu/Desktop/Universidad/Proyectos Vivado/XADC/XADC.cache/compile_simlib/riviera} {activehdl=C:/Users/Leonard Matulescu/Desktop/Universidad/Proyectos Vivado/XADC/XADC.cache/compile_simlib/activehdl}] -use_ip_compiled_libs -force -quiet
set_property -dict [list CONFIG.BIPOLAR_OPERATION {false}] [get_ips xadc_wiz_0]
generate_target all [get_files  {{C:/Users/Leonard Matulescu/Desktop/Universidad/Proyectos Vivado/XADC/XADC.srcs/sources_1/ip/xadc_wiz_0/xadc_wiz_0.xci}}]
INFO: [IP_Flow 19-1686] Generating 'Instantiation Template' target for IP 'xadc_wiz_0'...
INFO: [IP_Flow 19-1686] Generating 'Synthesis' target for IP 'xadc_wiz_0'...
INFO: [IP_Flow 19-1686] Generating 'Simulation' target for IP 'xadc_wiz_0'...
INFO: [IP_Flow 19-1686] Generating 'Miscellaneous' target for IP 'xadc_wiz_0'...
INFO: [IP_Flow 19-1686] Generating 'Change Log' target for IP 'xadc_wiz_0'...
catch { config_ip_cache -export [get_ips -all xadc_wiz_0] }
INFO: [IP_Flow 19-4993] Using cached IP synthesis design for IP xadc_wiz_0, cache-ID = fe8ed2899732a25e; cache size = 0.144 MB.
catch { [ delete_ip_run [get_ips -all xadc_wiz_0] ] }
INFO: [Project 1-386] Moving file 'C:/Users/Leonard Matulescu/Desktop/Universidad/Proyectos Vivado/XADC/XADC.srcs/sources_1/ip/xadc_wiz_0/xadc_wiz_0.xci' from fileset 'xadc_wiz_0' to fileset 'sources_1'.
export_ip_user_files -of_objects [get_files {{C:/Users/Leonard Matulescu/Desktop/Universidad/Proyectos Vivado/XADC/XADC.srcs/sources_1/ip/xadc_wiz_0/xadc_wiz_0.xci}}] -no_script -sync -force -quiet
create_ip_run [get_files -of_objects [get_fileset sources_1] {{C:/Users/Leonard Matulescu/Desktop/Universidad/Proyectos Vivado/XADC/XADC.srcs/sources_1/ip/xadc_wiz_0/xadc_wiz_0.xci}}]
INFO: [Vivado 12-3453] The given sub-design is up-to-date, no action was taken.  If a run is still desired, use the '-force' option for the file:'C:/Users/Leonard Matulescu/Desktop/Universidad/Proyectos Vivado/XADC/XADC.srcs/sources_1/ip/xadc_wiz_0/xadc_wiz_0.xci'
export_simulation -of_objects [get_files {{C:/Users/Leonard Matulescu/Desktop/Universidad/Proyectos Vivado/XADC/XADC.srcs/sources_1/ip/xadc_wiz_0/xadc_wiz_0.xci}}] -directory {C:/Users/Leonard Matulescu/Desktop/Universidad/Proyectos Vivado/XADC/XADC.ip_user_files/sim_scripts} -ip_user_files_dir {C:/Users/Leonard Matulescu/Desktop/Universidad/Proyectos Vivado/XADC/XADC.ip_user_files} -ipstatic_source_dir {C:/Users/Leonard Matulescu/Desktop/Universidad/Proyectos Vivado/XADC/XADC.ip_user_files/ipstatic} -lib_map_path [list {modelsim=C:/Users/Leonard Matulescu/Desktop/Universidad/Proyectos Vivado/XADC/XADC.cache/compile_simlib/modelsim} {questa=C:/Users/Leonard Matulescu/Desktop/Universidad/Proyectos Vivado/XADC/XADC.cache/compile_simlib/questa} {riviera=C:/Users/Leonard Matulescu/Desktop/Universidad/Proyectos Vivado/XADC/XADC.cache/compile_simlib/riviera} {activehdl=C:/Users/Leonard Matulescu/Desktop/Universidad/Proyectos Vivado/XADC/XADC.cache/compile_simlib/activehdl}] -use_ip_compiled_libs -force -quiet
update_compile_order -fileset sources_1
launch_simulation
Command: launch_simulation 
INFO: [Vivado 12-5698] Checking validity of IPs in the design for the 'XSim' simulator...
INFO: [Vivado 12-5682] Launching behavioral simulation in 'C:/Users/Leonard Matulescu/Desktop/Universidad/Proyectos Vivado/XADC/XADC.sim/sim_1/behav/xsim'
INFO: [Vivado 12-4795] Using compiled simulation libraries for IPs
INFO: [SIM-utils-51] Simulation object is 'sim_1'
INFO: [USF-XSim-7] Finding pre-compiled libraries...
INFO: [USF-XSim-11] File 'C:/Xilinx/Vivado/2020.1/data/xsim/xsim.ini' copied to run dir:'C:/Users/Leonard Matulescu/Desktop/Universidad/Proyectos Vivado/XADC/XADC.sim/sim_1/behav/xsim'
INFO: [SIM-utils-54] Inspecting design source files for 'top_XADC_tb' in fileset 'sim_1'...
INFO: [USF-XSim-97] Finding global include files...
INFO: [USF-XSim-98] Fetching design files from 'sim_1'...
INFO: [USF-XSim-2] XSim::Compile design
INFO: [USF-XSim-61] Executing 'COMPILE and ANALYZE' step in 'C:/Users/Leonard Matulescu/Desktop/Universidad/Proyectos Vivado/XADC/XADC.sim/sim_1/behav/xsim'
"xvlog --incr --relax -prj top_XADC_tb_vlog.prj"
INFO: [VRFC 10-2263] Analyzing Verilog file "C:/Users/Leonard Matulescu/Desktop/Universidad/Proyectos Vivado/XADC/XADC.srcs/sources_1/ip/xadc_wiz_0/xadc_wiz_0.v" into library xil_defaultlib
INFO: [VRFC 10-311] analyzing module xadc_wiz_0
"xvhdl --incr --relax -prj top_XADC_tb_vhdl.prj"
INFO: [USF-XSim-69] 'compile' step finished in '5' seconds
INFO: [USF-XSim-3] XSim::Elaborate design
INFO: [USF-XSim-61] Executing 'ELABORATE' step in 'C:/Users/Leonard Matulescu/Desktop/Universidad/Proyectos Vivado/XADC/XADC.sim/sim_1/behav/xsim'
"xelab -wto 27d6c370491245baa53fd83436abcee1 --incr --debug typical --relax --mt 2 -L xil_defaultlib -L unisims_ver -L unimacro_ver -L secureip -L xpm --snapshot top_XADC_tb_behav xil_defaultlib.top_XADC_tb xil_defaultlib.glbl -log elaborate.log"
Vivado Simulator 2020.1
Copyright 1986-1999, 2001-2020 Xilinx, Inc. All Rights Reserved.
Running: C:/Xilinx/Vivado/2020.1/bin/unwrapped/win64.o/xelab.exe -wto 27d6c370491245baa53fd83436abcee1 --incr --debug typical --relax --mt 2 -L xil_defaultlib -L unisims_ver -L unimacro_ver -L secureip -L xpm --snapshot top_XADC_tb_behav xil_defaultlib.top_XADC_tb xil_defaultlib.glbl -log elaborate.log 
Using 2 slave threads.
Starting static elaboration
Pass Through NonSizing Optimizer
Completed static elaboration
Starting simulation data flow analysis
Completed simulation data flow analysis
Time Resolution for simulation is 1ps
Compiling package std.standard
Compiling package std.textio
Compiling package ieee.std_logic_1164
Compiling package vl.vl_types
Compiling module xil_defaultlib.glbl
Compiling module unisims_ver.XADC(INIT_40=16'b011,INIT_41=16'...
Compiling module xil_defaultlib.xadc_wiz_0
Compiling architecture behavioral of entity xil_defaultlib.top_XADC [top_xadc_default]
Compiling architecture behavioral of entity xil_defaultlib.top_xadc_tb
Built simulation snapshot top_XADC_tb_behav
run_program: Time (s): cpu = 00:00:00 ; elapsed = 00:00:10 . Memory (MB): peak = 2351.980 ; gain = 0.000
INFO: [USF-XSim-69] 'elaborate' step finished in '10' seconds
INFO: [USF-XSim-4] XSim::Simulate design
INFO: [USF-XSim-61] Executing 'SIMULATE' step in 'C:/Users/Leonard Matulescu/Desktop/Universidad/Proyectos Vivado/XADC/XADC.sim/sim_1/behav/xsim'
INFO: [USF-XSim-98] *** Running xsim
   with args "top_XADC_tb_behav -key {Behavioral:sim_1:Functional:top_XADC_tb} -tclbatch {top_XADC_tb.tcl} -log {simulate.log}"
INFO: [USF-XSim-8] Loading simulator feature
Vivado Simulator 2020.1
Time resolution is 1 ps
source top_XADC_tb.tcl
# set curr_wave [current_wave_config]
# if { [string length $curr_wave] == 0 } {
#   if { [llength [get_objects]] > 0} {
#     add_wave /
#     set_property needs_save false [current_wave_config]
#   } else {
#      send_msg_id Add_Wave-1 WARNING "No top level signals found. Simulator will start without a wave window. If you want to open a wave window go to 'File->New Waveform Configuration' or type 'create_wave_config' in the TCL console."
#   }
# }
# run 6us
xsim: Time (s): cpu = 00:00:04 ; elapsed = 00:00:14 . Memory (MB): peak = 2351.980 ; gain = 0.000
INFO: [USF-XSim-96] XSim completed. Design snapshot 'top_XADC_tb_behav' loaded.
INFO: [USF-XSim-97] XSim simulation ran for 6us
launch_simulation: Time (s): cpu = 00:00:06 ; elapsed = 00:00:29 . Memory (MB): peak = 2351.980 ; gain = 0.000
close_sim
INFO: [Simtcl 6-16] Simulation closed
launch_simulation
Command: launch_simulation 
INFO: [Vivado 12-5698] Checking validity of IPs in the design for the 'XSim' simulator...
INFO: [Vivado 12-5682] Launching behavioral simulation in 'C:/Users/Leonard Matulescu/Desktop/Universidad/Proyectos Vivado/XADC/XADC.sim/sim_1/behav/xsim'
INFO: [Vivado 12-4795] Using compiled simulation libraries for IPs
INFO: [SIM-utils-51] Simulation object is 'sim_1'
INFO: [USF-XSim-7] Finding pre-compiled libraries...
INFO: [USF-XSim-11] File 'C:/Xilinx/Vivado/2020.1/data/xsim/xsim.ini' copied to run dir:'C:/Users/Leonard Matulescu/Desktop/Universidad/Proyectos Vivado/XADC/XADC.sim/sim_1/behav/xsim'
INFO: [SIM-utils-54] Inspecting design source files for 'top_XADC_tb' in fileset 'sim_1'...
INFO: [USF-XSim-97] Finding global include files...
INFO: [USF-XSim-98] Fetching design files from 'sim_1'...
INFO: [USF-XSim-2] XSim::Compile design
INFO: [USF-XSim-61] Executing 'COMPILE and ANALYZE' step in 'C:/Users/Leonard Matulescu/Desktop/Universidad/Proyectos Vivado/XADC/XADC.sim/sim_1/behav/xsim'
"xvlog --incr --relax -prj top_XADC_tb_vlog.prj"
"xvhdl --incr --relax -prj top_XADC_tb_vhdl.prj"
INFO: [USF-XSim-69] 'compile' step finished in '4' seconds
INFO: [USF-XSim-3] XSim::Elaborate design
INFO: [USF-XSim-61] Executing 'ELABORATE' step in 'C:/Users/Leonard Matulescu/Desktop/Universidad/Proyectos Vivado/XADC/XADC.sim/sim_1/behav/xsim'
"xelab -wto 27d6c370491245baa53fd83436abcee1 --incr --debug typical --relax --mt 2 -L xil_defaultlib -L unisims_ver -L unimacro_ver -L secureip -L xpm --snapshot top_XADC_tb_behav xil_defaultlib.top_XADC_tb xil_defaultlib.glbl -log elaborate.log"
Vivado Simulator 2020.1
Copyright 1986-1999, 2001-2020 Xilinx, Inc. All Rights Reserved.
Running: C:/Xilinx/Vivado/2020.1/bin/unwrapped/win64.o/xelab.exe -wto 27d6c370491245baa53fd83436abcee1 --incr --debug typical --relax --mt 2 -L xil_defaultlib -L unisims_ver -L unimacro_ver -L secureip -L xpm --snapshot top_XADC_tb_behav xil_defaultlib.top_XADC_tb xil_defaultlib.glbl -log elaborate.log 
Using 2 slave threads.
Starting static elaboration
Pass Through NonSizing Optimizer
Completed static elaboration
INFO: [XSIM 43-4323] No Change in HDL. Linking previously generated obj files to create kernel
INFO: [USF-XSim-69] 'elaborate' step finished in '2' seconds
INFO: [USF-XSim-4] XSim::Simulate design
INFO: [USF-XSim-61] Executing 'SIMULATE' step in 'C:/Users/Leonard Matulescu/Desktop/Universidad/Proyectos Vivado/XADC/XADC.sim/sim_1/behav/xsim'
INFO: [USF-XSim-98] *** Running xsim
   with args "top_XADC_tb_behav -key {Behavioral:sim_1:Functional:top_XADC_tb} -tclbatch {top_XADC_tb.tcl} -log {simulate.log}"
INFO: [USF-XSim-8] Loading simulator feature
Vivado Simulator 2020.1
Time resolution is 1 ps
source top_XADC_tb.tcl
# set curr_wave [current_wave_config]
# if { [string length $curr_wave] == 0 } {
#   if { [llength [get_objects]] > 0} {
#     add_wave /
#     set_property needs_save false [current_wave_config]
#   } else {
#      send_msg_id Add_Wave-1 WARNING "No top level signals found. Simulator will start without a wave window. If you want to open a wave window go to 'File->New Waveform Configuration' or type 'create_wave_config' in the TCL console."
#   }
# }
# run 6us
xsim: Time (s): cpu = 00:00:04 ; elapsed = 00:00:15 . Memory (MB): peak = 2351.980 ; gain = 0.000
INFO: [USF-XSim-96] XSim completed. Design snapshot 'top_XADC_tb_behav' loaded.
INFO: [USF-XSim-97] XSim simulation ran for 6us
launch_simulation: Time (s): cpu = 00:00:05 ; elapsed = 00:00:21 . Memory (MB): peak = 2351.980 ; gain = 0.000
close_sim
INFO: [Simtcl 6-16] Simulation closed
exit
INFO: [Common 17-206] Exiting Vivado at Sun Feb  7 21:00:50 2021...
