#-----------------------------------------------------------
# Vivado v2020.1 (64-bit)
# SW Build 2902540 on Wed May 27 19:54:49 MDT 2020
# IP Build 2902112 on Wed May 27 22:43:36 MDT 2020
# Start of session at: Mon Feb  8 11:04:32 2021
# Process ID: 9904
# Current directory: C:/Users/Leonard Matulescu/Desktop/Universidad/Proyectos Vivado/Trabajo_SED_Version_4
# Command line: vivado.exe -gui_launcher_event rodinguilauncherevent16044 C:\Users\Leonard Matulescu\Desktop\Universidad\Proyectos Vivado\Trabajo_SED_Version_4\Trabajo_SED_Version_4.xpr
# Log file: C:/Users/Leonard Matulescu/Desktop/Universidad/Proyectos Vivado/Trabajo_SED_Version_4/vivado.log
# Journal file: C:/Users/Leonard Matulescu/Desktop/Universidad/Proyectos Vivado/Trabajo_SED_Version_4\vivado.jou
#-----------------------------------------------------------
start_gui
open_project {C:/Users/Leonard Matulescu/Desktop/Universidad/Proyectos Vivado/Trabajo_SED_Version_4/Trabajo_SED_Version_4.xpr}
INFO: [ProjectBase 1-489] The host OS only allows 260 characters in a normal path. The project is stored in a path with more than 80 characters. If you experience issues with IP, Block Designs, or files not being found, please consider moving the project to a location with a shorter path. Alternately consider using the OS subst command to map part of the path to a drive letter.
Current project path is 'C:/Users/Leonard Matulescu/Desktop/Universidad/Proyectos Vivado/Trabajo_SED_Version_4'
WARNING: [Board 49-91] Board repository path 'C:/Users/Leonard' does not exist, it will not be used to search board files.
WARNING: [Board 49-91] Board repository path 'C:/Users/Leonard' does not exist, it will not be used to search board files.
WARNING: [Board 49-91] Board repository path 'Matulescu/Desktop/Universidad/Proyectos' does not exist, it will not be used to search board files.
WARNING: [Board 49-91] Board repository path 'Vivado/Trabajo_SED_Version_4/Matulescu/Desktop/Universidad/Proyectos' does not exist, it will not be used to search board files.
WARNING: [Board 49-91] Board repository path 'C:/Users/Leonard' does not exist, it will not be used to search board files.
WARNING: [Board 49-91] Board repository path 'Matulescu/Desktop/Universidad/Proyectos' does not exist, it will not be used to search board files.
WARNING: [Board 49-91] Board repository path 'Vivado/Trabajo_SED_Version_4/Vivado/Trabajo_SED_Version_1.1/Matulescu/Desktop/Universidad/Proyectos' does not exist, it will not be used to search board files.
WARNING: [Board 49-91] Board repository path 'C:/Users/Leonard' does not exist, it will not be used to search board files.
WARNING: [Board 49-91] Board repository path 'Matulescu/Desktop/Universidad/Proyectos' does not exist, it will not be used to search board files.
WARNING: [Board 49-91] Board repository path 'Vivado/Trabajo_SED_Version_4/Vivado/Trabajo_SED_Version_1.1/Vivado/Trabajo_SED_Version_2/Matulescu/Desktop/Universidad/Proyectos' does not exist, it will not be used to search board files.
WARNING: [Board 49-91] Board repository path 'C:/Users/Leonard' does not exist, it will not be used to search board files.
WARNING: [Board 49-91] Board repository path 'Matulescu/Desktop/Universidad/Proyectos' does not exist, it will not be used to search board files.
WARNING: [Board 49-91] Board repository path 'Vivado/Trabajo_SED_Version_4/Vivado/Trabajo_SED_Version_1.1/Vivado/Trabajo_SED_Version_2/Vivado/Trabajo_SED_Version_1.1/Matulescu/Desktop/Universidad/Proyectos' does not exist, it will not be used to search board files.
WARNING: [Board 49-91] Board repository path 'C:/Users/Leonard' does not exist, it will not be used to search board files.
WARNING: [Board 49-91] Board repository path 'Matulescu/Desktop/Universidad/Proyectos' does not exist, it will not be used to search board files.
WARNING: [Board 49-91] Board repository path 'Vivado/Trabajo_SED_Version_4/Vivado/Trabajo_SED_Version_1.1/Vivado/Trabajo_SED_Version_2/Vivado/Trabajo_SED_Version_1.1/Vivado/Trabajo_SED_Version_1.1/Matulescu/Desktop/Universidad/Proyectos' does not exist, it will not be used to search board files.
WARNING: [Board 49-91] Board repository path 'C:/Users/Leonard' does not exist, it will not be used to search board files.
WARNING: [Board 49-91] Board repository path 'Matulescu/Desktop/Universidad/Proyectos' does not exist, it will not be used to search board files.
WARNING: [Board 49-91] Board repository path 'Vivado/Trabajo_SED_Version_4/Vivado/Trabajo_SED_Version_1.1/Vivado/Trabajo_SED_Version_2/Vivado/Trabajo_SED_Version_1.1/Vivado/Trabajo_SED_Version_1.1/Vivado/Trabajo_SED_Version_1.1/Matulescu/AppData/Roaming/Xilinx/Vivado/Matulescu/AppData/Roaming/Xilinx/Vivado/Matulescu/Desktop/Universidad/Proyectos' does not exist, it will not be used to search board files.
WARNING: [Board 49-91] Board repository path 'C:/Users/Leonard' does not exist, it will not be used to search board files.
WARNING: [Board 49-91] Board repository path 'Matulescu/Desktop/Universidad/Proyectos' does not exist, it will not be used to search board files.
WARNING: [Board 49-91] Board repository path 'Vivado/Trabajo_SED_Version_4/Vivado/Trabajo_SED_Version_1.1/Vivado/Trabajo_SED_Version_2/Vivado/Trabajo_SED_Version_1.1/Vivado/Trabajo_SED_Version_1.1/Vivado/Trabajo_SED_Version_1.1/Matulescu/AppData/Roaming/Xilinx/Vivado/Matulescu/AppData/Roaming/Xilinx/Vivado/Vivado/Practica_2/Matulescu/Desktop/Universidad/Proyectos' does not exist, it will not be used to search board files.
WARNING: [Board 49-91] Board repository path 'C:/Users/Leonard' does not exist, it will not be used to search board files.
WARNING: [Board 49-91] Board repository path 'Matulescu/Desktop/Universidad/Proyectos' does not exist, it will not be used to search board files.
WARNING: [Board 49-91] Board repository path 'Vivado/Trabajo_SED_Version_4/Vivado/Trabajo_SED_Version_1.1/Vivado/Trabajo_SED_Version_2/Vivado/Trabajo_SED_Version_1.1/Vivado/Trabajo_SED_Version_1.1/Vivado/Trabajo_SED_Version_1.1/Matulescu/AppData/Roaming/Xilinx/Vivado/Matulescu/AppData/Roaming/Xilinx/Vivado/Vivado/Practica_2/Vivado/Practica3/Matulescu/Desktop/Universidad/Proyectos' does not exist, it will not be used to search board files.
WARNING: [Board 49-91] Board repository path 'C:/Users/Leonard' does not exist, it will not be used to search board files.
WARNING: [Board 49-91] Board repository path 'Matulescu/Desktop/Universidad/Proyectos' does not exist, it will not be used to search board files.
WARNING: [Board 49-91] Board repository path 'Vivado/Trabajo_SED_Version_4/Vivado/Trabajo_SED_Version_1.1/Vivado/Trabajo_SED_Version_2/Vivado/Trabajo_SED_Version_1.1/Vivado/Trabajo_SED_Version_1.1/Vivado/Trabajo_SED_Version_1.1/Matulescu/AppData/Roaming/Xilinx/Vivado/Matulescu/AppData/Roaming/Xilinx/Vivado/Vivado/Practica_2/Vivado/Practica3/Vivado/Practica3/Matulescu/Desktop/Universidad/Proyectos' does not exist, it will not be used to search board files.
WARNING: [Board 49-91] Board repository path 'C:/Users/Leonard' does not exist, it will not be used to search board files.
WARNING: [Board 49-91] Board repository path 'Matulescu/Desktop/Universidad/Proyectos' does not exist, it will not be used to search board files.
WARNING: [Board 49-91] Board repository path 'Vivado/Trabajo_SED_Version_4/Vivado/Trabajo_SED_Version_1.1/Vivado/Trabajo_SED_Version_2/Vivado/Trabajo_SED_Version_1.1/Vivado/Trabajo_SED_Version_1.1/Vivado/Trabajo_SED_Version_1.1/Matulescu/AppData/Roaming/Xilinx/Vivado/Matulescu/AppData/Roaming/Xilinx/Vivado/Vivado/Practica_2/Vivado/Practica3/Vivado/Practica3/Vivado/Practica3/Matulescu/AppData/Roaming/Xilinx/Vivado/Matulescu/AppData/Roaming/Xilinx/Vivado/Matulescu/AppData/Roaming/Xilinx/Vivado/Matulescu/AppData/Roaming/Xilinx/Vivado/Matulescu/AppData/Roaming/Xilinx/Vivado/Matulescu/Desktop/Universidad/Proyectos' does not exist, it will not be used to search board files.
WARNING: [Board 49-91] Board repository path 'C:/Users/Leonard' does not exist, it will not be used to search board files.
WARNING: [Board 49-91] Board repository path 'Matulescu/Desktop/Universidad/Proyectos' does not exist, it will not be used to search board files.
WARNING: [Board 49-91] Board repository path 'Vivado/Trabajo_SED_Version_4/Vivado/Trabajo_SED_Version_1.1/Vivado/Trabajo_SED_Version_2/Vivado/Trabajo_SED_Version_1.1/Vivado/Trabajo_SED_Version_1.1/Vivado/Trabajo_SED_Version_1.1/Matulescu/AppData/Roaming/Xilinx/Vivado/Matulescu/AppData/Roaming/Xilinx/Vivado/Vivado/Practica_2/Vivado/Practica3/Vivado/Practica3/Vivado/Practica3/Matulescu/AppData/Roaming/Xilinx/Vivado/Matulescu/AppData/Roaming/Xilinx/Vivado/Matulescu/AppData/Roaming/Xilinx/Vivado/Matulescu/AppData/Roaming/Xilinx/Vivado/Matulescu/AppData/Roaming/Xilinx/Vivado/Vivado/Practica_2/Matulescu/AppData/Roaming/Xilinx/Vivado/Matulescu/AppData/Roaming/Xilinx/Vivado/Matulescu/AppData/Roaming/Xilinx/Vivado/Matulescu/AppData/Roaming/Xilinx/Vivado/Matulescu/AppData/Roaming/Xilinx/Vivado/Matulescu/AppData/Roaming/Xilinx/Vivado/Matulescu/AppData/Roaming/Xilinx/Vivado/Matulescu/AppData/Roaming/Xilinx/Vivado/{C:/Users/Leonard' does not exist, it will not be used to search board files.
WARNING: [Board 49-91] Board repository path 'C:/Users/Leonard' does not exist, it will not be used to search board files.
WARNING: [Board 49-91] Board repository path 'Matulescu/Desktop/Universidad/Proyectos' does not exist, it will not be used to search board files.
WARNING: [Board 49-91] Board repository path 'Vivado/Trabajo_SED_Version_4/Vivado/Trabajo_SED_Version_1.1/Vivado/Trabajo_SED_Version_2/Vivado/Trabajo_SED_Version_1.1/Vivado/Trabajo_SED_Version_1.1/Vivado/Trabajo_SED_Version_1.1/Matulescu/AppData/Roaming/Xilinx/Vivado/Matulescu/AppData/Roaming/Xilinx/Vivado/Vivado/Practica_2/Vivado/Practica3/Vivado/Practica3/Vivado/Practica3/Matulescu/AppData/Roaming/Xilinx/Vivado/Matulescu/AppData/Roaming/Xilinx/Vivado/Matulescu/AppData/Roaming/Xilinx/Vivado/Matulescu/AppData/Roaming/Xilinx/Vivado/Matulescu/AppData/Roaming/Xilinx/Vivado/Vivado/Practica_2/Matulescu/AppData/Roaming/Xilinx/Vivado/Matulescu/AppData/Roaming/Xilinx/Vivado/Matulescu/AppData/Roaming/Xilinx/Vivado/Matulescu/AppData/Roaming/Xilinx/Vivado/Matulescu/AppData/Roaming/Xilinx/Vivado/Matulescu/AppData/Roaming/Xilinx/Vivado/Matulescu/AppData/Roaming/Xilinx/Vivado/Matulescu/AppData/Roaming/Xilinx/Vivado/Matulescu/AppData/Roaming/Xilinx/Vivado/2020.1/xhub/board_store/xilinx_board_store}' does not exist, it will not be used to search board files.
WARNING: [Board 49-91] Board repository path 'C:/Users/Leonard' does not exist, it will not be used to search board files.
WARNING: [Board 49-91] Board repository path 'Matulescu/Desktop/Universidad/Proyectos' does not exist, it will not be used to search board files.
WARNING: [Board 49-91] Board repository path 'Vivado/Trabajo_SED_Version_4/Vivado/Trabajo_SED_Version_1.1/Vivado/Trabajo_SED_Version_2/Vivado/Trabajo_SED_Version_1.1/Vivado/Trabajo_SED_Version_1.1/Vivado/Trabajo_SED_Version_1.1/Matulescu/AppData/Roaming/Xilinx/Vivado/Matulescu/AppData/Roaming/Xilinx/Vivado/Vivado/Practica_2/Vivado/Practica3/Vivado/Practica3/Vivado/Practica3/Matulescu/AppData/Roaming/Xilinx/Vivado/Matulescu/AppData/Roaming/Xilinx/Vivado/Matulescu/AppData/Roaming/Xilinx/Vivado/Matulescu/AppData/Roaming/Xilinx/Vivado/Matulescu/AppData/Roaming/Xilinx/Vivado/Vivado/Practica_2/Matulescu/AppData/Roaming/Xilinx/Vivado/Matulescu/AppData/Roaming/Xilinx/Vivado/Matulescu/AppData/Roaming/Xilinx/Vivado/Matulescu/AppData/Roaming/Xilinx/Vivado/Matulescu/AppData/Roaming/Xilinx/Vivado/Matulescu/AppData/Roaming/Xilinx/Vivado/Matulescu/AppData/Roaming/Xilinx/Vivado/Matulescu/AppData/Roaming/Xilinx/Vivado/Matulescu/AppData/Roaming/Xilinx/Vivado/{C:/Users/Leonard}' does not exist, it will not be used to search board files.
WARNING: [Board 49-91] Board repository path 'C:/Users/Leonard' does not exist, it will not be used to search board files.
WARNING: [Board 49-91] Board repository path 'Matulescu/Desktop/Universidad/Proyectos' does not exist, it will not be used to search board files.
WARNING: [Board 49-91] Board repository path 'Vivado/Trabajo_SED_Version_4/Vivado/Trabajo_SED_Version_1.1/Vivado/Trabajo_SED_Version_2/Vivado/Trabajo_SED_Version_1.1/Vivado/Trabajo_SED_Version_1.1/Vivado/Trabajo_SED_Version_1.1/Matulescu/AppData/Roaming/Xilinx/Vivado/Matulescu/AppData/Roaming/Xilinx/Vivado/Vivado/Practica_2/Vivado/Practica3/Vivado/Practica3/Vivado/Practica3/Matulescu/AppData/Roaming/Xilinx/Vivado/Matulescu/AppData/Roaming/Xilinx/Vivado/Matulescu/AppData/Roaming/Xilinx/Vivado/Matulescu/AppData/Roaming/Xilinx/Vivado/Matulescu/AppData/Roaming/Xilinx/Vivado/Vivado/Practica_2/Matulescu/AppData/Roaming/Xilinx/Vivado/Matulescu/AppData/Roaming/Xilinx/Vivado/Matulescu/AppData/Roaming/Xilinx/Vivado/Matulescu/AppData/Roaming/Xilinx/Vivado/Matulescu/AppData/Roaming/Xilinx/Vivado/Matulescu/AppData/Roaming/Xilinx/Vivado/Matulescu/AppData/Roaming/Xilinx/Vivado/Matulescu/AppData/Roaming/Xilinx/Vivado/Matulescu/AppData/Roaming/Xilinx/Vivado/Matulescu/AppData/Roaming/Xilinx/Vivado/2020.1/xhub/board_store/xilinx_board_store}}' does not exist, it will not be used to search board files.
Scanning sources...
Finished scanning sources
WARNING: [filemgmt 56-3] Board Part Repository Path: Could not find the directory 'C:/Users/Leonard'.
WARNING: [filemgmt 56-3] Board Part Repository Path: Could not find the directory 'C:/Users/Leonard'.
WARNING: [filemgmt 56-3] Board Part Repository Path: Could not find the directory 'C:/Users/Leonard Matulescu/AppData/Roaming/Xilinx/Vivado/Matulescu/AppData/Roaming/Xilinx/Vivado/Matulescu/Desktop/Universidad/Proyectos'.
WARNING: [filemgmt 56-3] Board Part Repository Path: Could not find the directory 'C:/Users/Leonard'.
WARNING: [filemgmt 56-3] Board Part Repository Path: Could not find the directory 'C:/Users/Leonard Matulescu/AppData/Roaming/Xilinx/Vivado/Matulescu/AppData/Roaming/Xilinx/Vivado/Vivado/Trabajo_SED_Version_2/Matulescu/Desktop/Universidad/Proyectos'.
WARNING: [filemgmt 56-3] Board Part Repository Path: Could not find the directory 'C:/Users/Leonard'.
WARNING: [filemgmt 56-3] Board Part Repository Path: Could not find the directory 'C:/Users/Leonard Matulescu/AppData/Roaming/Xilinx/Vivado/Matulescu/AppData/Roaming/Xilinx/Vivado/Vivado/Trabajo_SED_Version_2/Vivado/Trabajo_SED_Version_1.1/Matulescu/Desktop/Universidad/Proyectos'.
WARNING: [filemgmt 56-3] Board Part Repository Path: Could not find the directory 'C:/Users/Leonard'.
WARNING: [filemgmt 56-3] Board Part Repository Path: Could not find the directory 'C:/Users/Leonard Matulescu/AppData/Roaming/Xilinx/Vivado/Matulescu/AppData/Roaming/Xilinx/Vivado/Vivado/Trabajo_SED_Version_2/Vivado/Trabajo_SED_Version_1.1/Vivado/Trabajo_SED_Version_2/Matulescu/Desktop/Universidad/Proyectos'.
WARNING: [filemgmt 56-3] Board Part Repository Path: Could not find the directory 'C:/Users/Leonard'.
WARNING: [filemgmt 56-3] Board Part Repository Path: Could not find the directory 'C:/Users/Leonard Matulescu/AppData/Roaming/Xilinx/Vivado/Matulescu/AppData/Roaming/Xilinx/Vivado/Vivado/Trabajo_SED_Version_2/Vivado/Trabajo_SED_Version_1.1/Vivado/Trabajo_SED_Version_2/Vivado/Trabajo_SED_Version_1.1/Matulescu/Desktop/Universidad/Proyectos'.
WARNING: [filemgmt 56-3] Board Part Repository Path: Could not find the directory 'C:/Users/Leonard'.
WARNING: [filemgmt 56-3] Board Part Repository Path: Could not find the directory 'C:/Users/Leonard Matulescu/AppData/Roaming/Xilinx/Vivado/Matulescu/AppData/Roaming/Xilinx/Vivado/Vivado/Trabajo_SED_Version_2/Vivado/Trabajo_SED_Version_1.1/Vivado/Trabajo_SED_Version_2/Vivado/Trabajo_SED_Version_1.1/Vivado/Trabajo_SED_Version_1.1/Matulescu/Desktop/Universidad/Proyectos'.
WARNING: [filemgmt 56-3] Board Part Repository Path: Could not find the directory 'C:/Users/Leonard'.
WARNING: [filemgmt 56-3] Board Part Repository Path: Could not find the directory 'C:/Users/Leonard Matulescu/AppData/Roaming/Xilinx/Vivado/Matulescu/AppData/Roaming/Xilinx/Vivado/Vivado/Trabajo_SED_Version_2/Vivado/Trabajo_SED_Version_1.1/Vivado/Trabajo_SED_Version_2/Vivado/Trabajo_SED_Version_1.1/Vivado/Trabajo_SED_Version_1.1/Vivado/Trabajo_SED_Version_1.1/Matulescu/AppData/Roaming/Xilinx/Vivado/Matulescu/AppData/Roaming/Xilinx/Vivado/Matulescu/Desktop/Universidad/Proyectos'.
WARNING: [filemgmt 56-3] Board Part Repository Path: Could not find the directory 'C:/Users/Leonard'.
WARNING: [filemgmt 56-3] Board Part Repository Path: Could not find the directory 'C:/Users/Leonard Matulescu/AppData/Roaming/Xilinx/Vivado/Matulescu/AppData/Roaming/Xilinx/Vivado/Vivado/Trabajo_SED_Version_2/Vivado/Trabajo_SED_Version_1.1/Vivado/Trabajo_SED_Version_2/Vivado/Trabajo_SED_Version_1.1/Vivado/Trabajo_SED_Version_1.1/Vivado/Trabajo_SED_Version_1.1/Matulescu/AppData/Roaming/Xilinx/Vivado/Matulescu/AppData/Roaming/Xilinx/Vivado/Vivado/Practica_2/Matulescu/Desktop/Universidad/Proyectos'.
WARNING: [filemgmt 56-3] Board Part Repository Path: Could not find the directory 'C:/Users/Leonard'.
WARNING: [filemgmt 56-3] Board Part Repository Path: Could not find the directory 'C:/Users/Leonard Matulescu/AppData/Roaming/Xilinx/Vivado/Matulescu/AppData/Roaming/Xilinx/Vivado/Vivado/Trabajo_SED_Version_2/Vivado/Trabajo_SED_Version_1.1/Vivado/Trabajo_SED_Version_2/Vivado/Trabajo_SED_Version_1.1/Vivado/Trabajo_SED_Version_1.1/Vivado/Trabajo_SED_Version_1.1/Matulescu/AppData/Roaming/Xilinx/Vivado/Matulescu/AppData/Roaming/Xilinx/Vivado/Vivado/Practica_2/Vivado/Practica3/Matulescu/Desktop/Universidad/Proyectos'.
WARNING: [filemgmt 56-3] Board Part Repository Path: Could not find the directory 'C:/Users/Leonard'.
WARNING: [filemgmt 56-3] Board Part Repository Path: Could not find the directory 'C:/Users/Leonard Matulescu/AppData/Roaming/Xilinx/Vivado/Matulescu/AppData/Roaming/Xilinx/Vivado/Vivado/Trabajo_SED_Version_2/Vivado/Trabajo_SED_Version_1.1/Vivado/Trabajo_SED_Version_2/Vivado/Trabajo_SED_Version_1.1/Vivado/Trabajo_SED_Version_1.1/Vivado/Trabajo_SED_Version_1.1/Matulescu/AppData/Roaming/Xilinx/Vivado/Matulescu/AppData/Roaming/Xilinx/Vivado/Vivado/Practica_2/Vivado/Practica3/Vivado/Practica3/Matulescu/Desktop/Universidad/Proyectos'.
WARNING: [filemgmt 56-3] Board Part Repository Path: Could not find the directory 'C:/Users/Leonard'.
WARNING: [filemgmt 56-3] Board Part Repository Path: Could not find the directory 'C:/Users/Leonard Matulescu/AppData/Roaming/Xilinx/Vivado/Matulescu/AppData/Roaming/Xilinx/Vivado/Vivado/Trabajo_SED_Version_2/Vivado/Trabajo_SED_Version_1.1/Vivado/Trabajo_SED_Version_2/Vivado/Trabajo_SED_Version_1.1/Vivado/Trabajo_SED_Version_1.1/Vivado/Trabajo_SED_Version_1.1/Matulescu/AppData/Roaming/Xilinx/Vivado/Matulescu/AppData/Roaming/Xilinx/Vivado/Vivado/Practica_2/Vivado/Practica3/Vivado/Practica3/Vivado/Practica3/Matulescu/AppData/Roaming/Xilinx/Vivado/Matulescu/AppData/Roaming/Xilinx/Vivado/Matulescu/AppData/Roaming/Xilinx/Vivado/Matulescu/AppData/Roaming/Xilinx/Vivado/Matulescu/AppData/Roaming/Xilinx/Vivado/Matulescu/Desktop/Universidad/Proyectos'.
WARNING: [filemgmt 56-3] Board Part Repository Path: Could not find the directory 'C:/Users/Leonard'.
WARNING: [filemgmt 56-3] Board Part Repository Path: Could not find the directory 'C:/Users/Leonard Matulescu/AppData/Roaming/Xilinx/Vivado/Matulescu/AppData/Roaming/Xilinx/Vivado/Vivado/Trabajo_SED_Version_2/Vivado/Trabajo_SED_Version_1.1/Vivado/Trabajo_SED_Version_2/Vivado/Trabajo_SED_Version_1.1/Vivado/Trabajo_SED_Version_1.1/Vivado/Trabajo_SED_Version_1.1/Matulescu/AppData/Roaming/Xilinx/Vivado/Matulescu/AppData/Roaming/Xilinx/Vivado/Vivado/Practica_2/Vivado/Practica3/Vivado/Practica3/Vivado/Practica3/Matulescu/AppData/Roaming/Xilinx/Vivado/Matulescu/AppData/Roaming/Xilinx/Vivado/Matulescu/AppData/Roaming/Xilinx/Vivado/Matulescu/AppData/Roaming/Xilinx/Vivado/Matulescu/AppData/Roaming/Xilinx/Vivado/Vivado/Practica_2/Matulescu/AppData/Roaming/Xilinx/Vivado/Matulescu/AppData/Roaming/Xilinx/Vivado/Matulescu/AppData/Roaming/Xilinx/Vivado/Matulescu/AppData/Roaming/Xilinx/Vivado/Matulescu/AppData/Roaming/Xilinx/Vivado/Matulescu/AppData/Roaming/Xilinx/Vivado/Matulescu/AppData/Roaming/Xilinx/Vivado/Matulescu/AppData/Roaming/Xilinx/Vivado/{C:/Users/Leonard'.
WARNING: [filemgmt 56-3] Board Part Repository Path: Could not find the directory 'C:/Users/Leonard'.
WARNING: [filemgmt 56-3] Board Part Repository Path: Could not find the directory 'C:/Users/Leonard Matulescu/AppData/Roaming/Xilinx/Vivado/Matulescu/AppData/Roaming/Xilinx/Vivado/Vivado/Trabajo_SED_Version_2/Vivado/Trabajo_SED_Version_1.1/Vivado/Trabajo_SED_Version_2/Vivado/Trabajo_SED_Version_1.1/Vivado/Trabajo_SED_Version_1.1/Vivado/Trabajo_SED_Version_1.1/Matulescu/AppData/Roaming/Xilinx/Vivado/Matulescu/AppData/Roaming/Xilinx/Vivado/Vivado/Practica_2/Vivado/Practica3/Vivado/Practica3/Vivado/Practica3/Matulescu/AppData/Roaming/Xilinx/Vivado/Matulescu/AppData/Roaming/Xilinx/Vivado/Matulescu/AppData/Roaming/Xilinx/Vivado/Matulescu/AppData/Roaming/Xilinx/Vivado/Matulescu/AppData/Roaming/Xilinx/Vivado/Vivado/Practica_2/Matulescu/AppData/Roaming/Xilinx/Vivado/Matulescu/AppData/Roaming/Xilinx/Vivado/Matulescu/AppData/Roaming/Xilinx/Vivado/Matulescu/AppData/Roaming/Xilinx/Vivado/Matulescu/AppData/Roaming/Xilinx/Vivado/Matulescu/AppData/Roaming/Xilinx/Vivado/Matulescu/AppData/Roaming/Xilinx/Vivado/Matulescu/AppData/Roaming/Xilinx/Vivado/Matulescu/AppData/Roaming/Xilinx/Vivado/2020.1/xhub/board_store/xilinx_board_store}'.
WARNING: [filemgmt 56-3] Board Part Repository Path: Could not find the directory 'C:/Users/Leonard'.
WARNING: [filemgmt 56-3] Board Part Repository Path: Could not find the directory 'C:/Users/Leonard Matulescu/AppData/Roaming/Xilinx/Vivado/Matulescu/AppData/Roaming/Xilinx/Vivado/Vivado/Trabajo_SED_Version_2/Vivado/Trabajo_SED_Version_1.1/Vivado/Trabajo_SED_Version_2/Vivado/Trabajo_SED_Version_1.1/Vivado/Trabajo_SED_Version_1.1/Vivado/Trabajo_SED_Version_1.1/Matulescu/AppData/Roaming/Xilinx/Vivado/Matulescu/AppData/Roaming/Xilinx/Vivado/Vivado/Practica_2/Vivado/Practica3/Vivado/Practica3/Vivado/Practica3/Matulescu/AppData/Roaming/Xilinx/Vivado/Matulescu/AppData/Roaming/Xilinx/Vivado/Matulescu/AppData/Roaming/Xilinx/Vivado/Matulescu/AppData/Roaming/Xilinx/Vivado/Matulescu/AppData/Roaming/Xilinx/Vivado/Vivado/Practica_2/Matulescu/AppData/Roaming/Xilinx/Vivado/Matulescu/AppData/Roaming/Xilinx/Vivado/Matulescu/AppData/Roaming/Xilinx/Vivado/Matulescu/AppData/Roaming/Xilinx/Vivado/Matulescu/AppData/Roaming/Xilinx/Vivado/Matulescu/AppData/Roaming/Xilinx/Vivado/Matulescu/AppData/Roaming/Xilinx/Vivado/Matulescu/AppData/Roaming/Xilinx/Vivado/Matulescu/AppData/Roaming/Xilinx/Vivado/{C:/Users/Leonard}'.
WARNING: [filemgmt 56-3] Board Part Repository Path: Could not find the directory 'C:/Users/Leonard'.
WARNING: [filemgmt 56-3] Board Part Repository Path: Could not find the directory 'C:/Users/Leonard Matulescu/AppData/Roaming/Xilinx/Vivado/Matulescu/AppData/Roaming/Xilinx/Vivado/Vivado/Trabajo_SED_Version_2/Vivado/Trabajo_SED_Version_1.1/Vivado/Trabajo_SED_Version_2/Vivado/Trabajo_SED_Version_1.1/Vivado/Trabajo_SED_Version_1.1/Vivado/Trabajo_SED_Version_1.1/Matulescu/AppData/Roaming/Xilinx/Vivado/Matulescu/AppData/Roaming/Xilinx/Vivado/Vivado/Practica_2/Vivado/Practica3/Vivado/Practica3/Vivado/Practica3/Matulescu/AppData/Roaming/Xilinx/Vivado/Matulescu/AppData/Roaming/Xilinx/Vivado/Matulescu/AppData/Roaming/Xilinx/Vivado/Matulescu/AppData/Roaming/Xilinx/Vivado/Matulescu/AppData/Roaming/Xilinx/Vivado/Vivado/Practica_2/Matulescu/AppData/Roaming/Xilinx/Vivado/Matulescu/AppData/Roaming/Xilinx/Vivado/Matulescu/AppData/Roaming/Xilinx/Vivado/Matulescu/AppData/Roaming/Xilinx/Vivado/Matulescu/AppData/Roaming/Xilinx/Vivado/Matulescu/AppData/Roaming/Xilinx/Vivado/Matulescu/AppData/Roaming/Xilinx/Vivado/Matulescu/AppData/Roaming/Xilinx/Vivado/Matulescu/AppData/Roaming/Xilinx/Vivado/Matulescu/AppData/Roaming/Xilinx/Vivado/2020.1/xhub/board_store/xilinx_board_store}}'.
INFO: [IP_Flow 19-234] Refreshing IP repositories
INFO: [IP_Flow 19-1704] No user IP repositories specified
INFO: [IP_Flow 19-2313] Loaded Vivado IP repository 'C:/Xilinx/Vivado/2020.1/data/ip'.
open_project: Time (s): cpu = 00:00:18 ; elapsed = 00:00:40 . Memory (MB): peak = 994.551 ; gain = 0.000
update_compile_order -fileset sources_1
launch_runs synth_1 -jobs 2
[Mon Feb  8 11:08:24 2021] Launched synth_1...
Run output will be captured here: C:/Users/Leonard Matulescu/Desktop/Universidad/Proyectos Vivado/Trabajo_SED_Version_4/Trabajo_SED_Version_4.runs/synth_1/runme.log
launch_runs impl_1 -jobs 2
[Mon Feb  8 11:14:01 2021] Launched impl_1...
Run output will be captured here: C:/Users/Leonard Matulescu/Desktop/Universidad/Proyectos Vivado/Trabajo_SED_Version_4/Trabajo_SED_Version_4.runs/impl_1/runme.log
launch_runs impl_1 -to_step write_bitstream -jobs 2
[Mon Feb  8 11:16:51 2021] Launched impl_1...
Run output will be captured here: C:/Users/Leonard Matulescu/Desktop/Universidad/Proyectos Vivado/Trabajo_SED_Version_4/Trabajo_SED_Version_4.runs/impl_1/runme.log
open_hw_manager
close_hw_manager
open_run impl_1
INFO: [Device 21-403] Loading part xc7a100tcsg324-1
Netlist sorting complete. Time (s): cpu = 00:00:00 ; elapsed = 00:00:00.004 . Memory (MB): peak = 1296.871 ; gain = 0.000
INFO: [Netlist 29-17] Analyzing 16 Unisim elements for replacement
INFO: [Netlist 29-28] Unisim Transformation completed in 0 CPU seconds
INFO: [Project 1-479] Netlist was created with Vivado 2020.1
INFO: [Project 1-570] Preparing netlist for logic optimization
INFO: [Timing 38-478] Restoring timing data from binary archive.
INFO: [Timing 38-479] Binary timing data restore complete.
INFO: [Project 1-856] Restoring constraints from binary archive.
INFO: [Project 1-853] Binary constraint restore complete.
Reading XDEF placement.
Reading placer database...
Reading XDEF routing.
Read XDEF File: Time (s): cpu = 00:00:00 ; elapsed = 00:00:00.052 . Memory (MB): peak = 1979.980 ; gain = 0.000
Restored from archive | CPU: 0.000000 secs | Memory: 0.000000 MB |
Finished XDEF File Restore: Time (s): cpu = 00:00:00 ; elapsed = 00:00:00.053 . Memory (MB): peak = 1979.980 ; gain = 0.000
Netlist sorting complete. Time (s): cpu = 00:00:00 ; elapsed = 00:00:00 . Memory (MB): peak = 1979.980 ; gain = 0.000
INFO: [Project 1-111] Unisim Transformation Summary:
No Unisim elements were transformed.

open_run: Time (s): cpu = 00:00:31 ; elapsed = 00:00:27 . Memory (MB): peak = 2111.453 ; gain = 1099.840
CRITICAL WARNING: [Timing 38-282] The design failed to meet the timing requirements. Please see the timing summary report for details on the timing violations.
close_design
synth_design -rtl -name rtl_1
Command: synth_design -rtl -name rtl_1
Starting synth_design
Using part: xc7a100tcsg324-1
Top: TransmisorFM
---------------------------------------------------------------------------------
Starting RTL Elaboration : Time (s): cpu = 00:00:05 ; elapsed = 00:00:05 . Memory (MB): peak = 2130.531 ; gain = 0.000
---------------------------------------------------------------------------------
INFO: [Synth 8-638] synthesizing module 'TransmisorFM' [C:/Users/Leonard Matulescu/Desktop/Universidad/Proyectos Vivado/Trabajo_SED_Version_4/Trabajo_SED_Version_4.srcs/sources_1/imports/new/TransmisorFM.vhd:13]
	Parameter NBits bound to: 32 - type: integer 
INFO: [Synth 8-3491] module 'Oscilador' declared at 'C:/Users/Leonard Matulescu/Desktop/Universidad/Proyectos Vivado/Trabajo_SED_Version_4/Trabajo_SED_Version_4.srcs/sources_1/imports/new/Oscilador.vhd:6' bound to instance 'RadioOsc' of component 'Oscilador' [C:/Users/Leonard Matulescu/Desktop/Universidad/Proyectos Vivado/Trabajo_SED_Version_4/Trabajo_SED_Version_4.srcs/sources_1/imports/new/TransmisorFM.vhd:42]
INFO: [Synth 8-638] synthesizing module 'Oscilador' [C:/Users/Leonard Matulescu/Desktop/Universidad/Proyectos Vivado/Trabajo_SED_Version_4/Trabajo_SED_Version_4.srcs/sources_1/imports/new/Oscilador.vhd:18]
	Parameter NBits bound to: 32 - type: integer 
	Parameter NBits bound to: 32 - type: integer 
INFO: [Synth 8-3491] module 'Registro' declared at 'C:/Users/Leonard Matulescu/Desktop/Universidad/Proyectos Vivado/Trabajo_SED_Version_4/Trabajo_SED_Version_4.srcs/sources_1/imports/new/Registro.vhd:4' bound to instance 'AcumuladorFase' of component 'Registro' [C:/Users/Leonard Matulescu/Desktop/Universidad/Proyectos Vivado/Trabajo_SED_Version_4/Trabajo_SED_Version_4.srcs/sources_1/imports/new/Oscilador.vhd:31]
INFO: [Synth 8-638] synthesizing module 'Registro' [C:/Users/Leonard Matulescu/Desktop/Universidad/Proyectos Vivado/Trabajo_SED_Version_4/Trabajo_SED_Version_4.srcs/sources_1/imports/new/Registro.vhd:17]
	Parameter NBits bound to: 32 - type: integer 
INFO: [Synth 8-256] done synthesizing module 'Registro' (1#1) [C:/Users/Leonard Matulescu/Desktop/Universidad/Proyectos Vivado/Trabajo_SED_Version_4/Trabajo_SED_Version_4.srcs/sources_1/imports/new/Registro.vhd:17]
INFO: [Synth 8-256] done synthesizing module 'Oscilador' (2#1) [C:/Users/Leonard Matulescu/Desktop/Universidad/Proyectos Vivado/Trabajo_SED_Version_4/Trabajo_SED_Version_4.srcs/sources_1/imports/new/Oscilador.vhd:18]
	Parameter NBits bound to: 32 - type: integer 
INFO: [Synth 8-3491] module 'Multiplexor' declared at 'C:/Users/Leonard Matulescu/Desktop/Universidad/Proyectos Vivado/Trabajo_SED_Version_4/Trabajo_SED_Version_4.srcs/sources_1/imports/new/Multiplexor.vhd:4' bound to instance 'Mux1' of component 'Multiplexor' [C:/Users/Leonard Matulescu/Desktop/Universidad/Proyectos Vivado/Trabajo_SED_Version_4/Trabajo_SED_Version_4.srcs/sources_1/imports/new/TransmisorFM.vhd:52]
INFO: [Synth 8-638] synthesizing module 'Multiplexor' [C:/Users/Leonard Matulescu/Desktop/Universidad/Proyectos Vivado/Trabajo_SED_Version_4/Trabajo_SED_Version_4.srcs/sources_1/imports/new/Multiplexor.vhd:16]
	Parameter NBits bound to: 32 - type: integer 
INFO: [Synth 8-256] done synthesizing module 'Multiplexor' (3#1) [C:/Users/Leonard Matulescu/Desktop/Universidad/Proyectos Vivado/Trabajo_SED_Version_4/Trabajo_SED_Version_4.srcs/sources_1/imports/new/Multiplexor.vhd:16]
	Parameter NBits bound to: 32 - type: integer 
INFO: [Synth 8-3491] module 'Oscilador' declared at 'C:/Users/Leonard Matulescu/Desktop/Universidad/Proyectos Vivado/Trabajo_SED_Version_4/Trabajo_SED_Version_4.srcs/sources_1/imports/new/Oscilador.vhd:6' bound to instance 'AudioOsc' of component 'Oscilador' [C:/Users/Leonard Matulescu/Desktop/Universidad/Proyectos Vivado/Trabajo_SED_Version_4/Trabajo_SED_Version_4.srcs/sources_1/imports/new/TransmisorFM.vhd:65]
INFO: [Synth 8-256] done synthesizing module 'TransmisorFM' (4#1) [C:/Users/Leonard Matulescu/Desktop/Universidad/Proyectos Vivado/Trabajo_SED_Version_4/Trabajo_SED_Version_4.srcs/sources_1/imports/new/TransmisorFM.vhd:13]
---------------------------------------------------------------------------------
Finished RTL Elaboration : Time (s): cpu = 00:00:06 ; elapsed = 00:00:06 . Memory (MB): peak = 2130.531 ; gain = 0.000
---------------------------------------------------------------------------------
---------------------------------------------------------------------------------
Start Handling Custom Attributes
---------------------------------------------------------------------------------
---------------------------------------------------------------------------------
Finished Handling Custom Attributes : Time (s): cpu = 00:00:07 ; elapsed = 00:00:07 . Memory (MB): peak = 2153.344 ; gain = 22.812
---------------------------------------------------------------------------------
---------------------------------------------------------------------------------
Finished RTL Optimization Phase 1 : Time (s): cpu = 00:00:07 ; elapsed = 00:00:07 . Memory (MB): peak = 2153.344 ; gain = 22.812
---------------------------------------------------------------------------------
Netlist sorting complete. Time (s): cpu = 00:00:00 ; elapsed = 00:00:00.006 . Memory (MB): peak = 2153.344 ; gain = 0.000
INFO: [Project 1-570] Preparing netlist for logic optimization

Processing XDC Constraints
Initializing timing engine
Parsing XDC File [C:/Users/Leonard Matulescu/Desktop/Universidad/Proyectos Vivado/Trabajo_SED_Version_4/Trabajo_SED_Version_4.srcs/constrs_1/imports/Downloads/Nexys4DDR_Master.xdc]
WARNING: [Vivado 12-2489] -waveform contains time 1.562500 which will be rounded to 1.563 to ensure it is an integer multiple of 1 picosecond [C:/Users/Leonard Matulescu/Desktop/Universidad/Proyectos Vivado/Trabajo_SED_Version_4/Trabajo_SED_Version_4.srcs/constrs_1/imports/Downloads/Nexys4DDR_Master.xdc:8]
Finished Parsing XDC File [C:/Users/Leonard Matulescu/Desktop/Universidad/Proyectos Vivado/Trabajo_SED_Version_4/Trabajo_SED_Version_4.srcs/constrs_1/imports/Downloads/Nexys4DDR_Master.xdc]
Completed Processing XDC Constraints

INFO: [Opt 31-138] Pushed 0 inverter(s) to 0 load pin(s).
Netlist sorting complete. Time (s): cpu = 00:00:00 ; elapsed = 00:00:00.001 . Memory (MB): peak = 2266.574 ; gain = 0.000
INFO: [Project 1-111] Unisim Transformation Summary:
No Unisim elements were transformed.

RTL Elaboration Complete:  : Time (s): cpu = 00:00:13 ; elapsed = 00:00:11 . Memory (MB): peak = 2266.574 ; gain = 136.043
15 Infos, 1 Warnings, 0 Critical Warnings and 0 Errors encountered.
synth_design completed successfully
synth_design: Time (s): cpu = 00:00:13 ; elapsed = 00:00:11 . Memory (MB): peak = 2266.574 ; gain = 136.043
close_design
open_run impl_1
Netlist sorting complete. Time (s): cpu = 00:00:00 ; elapsed = 00:00:00.005 . Memory (MB): peak = 2266.574 ; gain = 0.000
INFO: [Netlist 29-17] Analyzing 16 Unisim elements for replacement
INFO: [Netlist 29-28] Unisim Transformation completed in 0 CPU seconds
INFO: [Project 1-479] Netlist was created with Vivado 2020.1
INFO: [Project 1-570] Preparing netlist for logic optimization
INFO: [Timing 38-478] Restoring timing data from binary archive.
INFO: [Timing 38-479] Binary timing data restore complete.
INFO: [Project 1-856] Restoring constraints from binary archive.
INFO: [Project 1-853] Binary constraint restore complete.
Reading XDEF placement.
Reading placer database...
Reading XDEF routing.
Read XDEF File: Time (s): cpu = 00:00:00 ; elapsed = 00:00:00.056 . Memory (MB): peak = 2322.945 ; gain = 0.000
Restored from archive | CPU: 0.000000 secs | Memory: 0.000000 MB |
Finished XDEF File Restore: Time (s): cpu = 00:00:00 ; elapsed = 00:00:00.057 . Memory (MB): peak = 2322.945 ; gain = 0.000
Netlist sorting complete. Time (s): cpu = 00:00:00 ; elapsed = 00:00:00.001 . Memory (MB): peak = 2322.945 ; gain = 0.000
INFO: [Project 1-111] Unisim Transformation Summary:
No Unisim elements were transformed.

CRITICAL WARNING: [Timing 38-282] The design failed to meet the timing requirements. Please see the timing summary report for details on the timing violations.
close_design
set_property STEPS.WRITE_BITSTREAM.ARGS.BIN_FILE true [get_runs impl_1]
exit
INFO: [Common 17-206] Exiting Vivado at Mon Feb  8 11:32:27 2021...
